Copyright 1986-2022 Xilinx, Inc. All Rights Reserved.
--------------------------------------------------------------------------------------
| Tool Version : Vivado v.2022.2 (win64) Build 3671981 Fri Oct 14 05:00:03 MDT 2022
| Date         : Mon Dec 12 12:25:26 2022
| Host         : MSI running 64-bit major release  (build 9200)
| Command      : report_control_sets -verbose -file Principal_control_sets_placed.rpt
| Design       : Principal
| Device       : xc7a100t
--------------------------------------------------------------------------------------

Control Set Information

Table of Contents
-----------------
1. Summary
2. Histogram
3. Flip-Flop Distribution
4. Detailed Control Set Information

1. Summary
----------

+----------------------------------------------------------+-------+
|                          Status                          | Count |
+----------------------------------------------------------+-------+
| Total control sets                                       |     8 |
|    Minimum number of control sets                        |     8 |
|    Addition due to synthesis replication                 |     0 |
|    Addition due to physical synthesis replication        |     0 |
| Unused register locations in slices containing registers |    26 |
+----------------------------------------------------------+-------+
* Control sets can be merged at opt_design using control_set_merge or merge_equivalent_drivers
** Run report_qor_suggestions for automated merging and remapping suggestions


2. Histogram
------------

+--------------------+-------+
|       Fanout       | Count |
+--------------------+-------+
| Total control sets |     8 |
| >= 0 to < 4        |     1 |
| >= 4 to < 6        |     2 |
| >= 6 to < 8        |     0 |
| >= 8 to < 10       |     1 |
| >= 10 to < 12      |     0 |
| >= 12 to < 14      |     0 |
| >= 14 to < 16      |     0 |
| >= 16              |     4 |
+--------------------+-------+
* Control sets can be remapped at either synth_design or opt_design


3. Flip-Flop Distribution
-------------------------

+--------------+-----------------------+------------------------+-----------------+--------------+
| Clock Enable | Synchronous Set/Reset | Asynchronous Set/Reset | Total Registers | Total Slices |
+--------------+-----------------------+------------------------+-----------------+--------------+
| No           | No                    | No                     |              27 |           13 |
| No           | No                    | Yes                    |               0 |            0 |
| No           | Yes                   | No                     |              61 |           16 |
| Yes          | No                    | No                     |               4 |            1 |
| Yes          | No                    | Yes                    |               3 |            1 |
| Yes          | Yes                   | No                     |              39 |           10 |
+--------------+-----------------------+------------------------+-----------------+--------------+


4. Detailed Control Set Information
-----------------------------------

+-----------------------+------------------------------------------------------+------------------------------------------------------+------------------+----------------+--------------+
|      Clock Signal     |                     Enable Signal                    |                   Set/Reset Signal                   | Slice Load Count | Bel Load Count | Bels / Slice |
+-----------------------+------------------------------------------------------+------------------------------------------------------+------------------+----------------+--------------+
|  CLK_IBUF_BUFG        | Inst_estado_caja/FSM_onehot_current_state[2]_i_1_n_0 | Inst_estado_caja/FSM_onehot_current_state[2]_i_2_n_0 |                1 |              3 |         3.00 |
|  CLK_IBUF_BUFG        | Inst_edge_det/E[0]                                   | Inst_PSWRD_BOTON/clear                               |                1 |              4 |         4.00 |
|  CLK_IBUF_BUFG        | Inst_PSWRD_BOTON/clear                               |                                                      |                1 |              4 |         4.00 |
|  CLK_IBUF_BUFG        |                                                      |                                                      |                6 |              9 |         1.50 |
|  Inst_DECODER/aux_CLK |                                                      |                                                      |                7 |             19 |         2.71 |
|  CLK_IBUF_BUFG        |                                                      | Inst_PSWRD_BOTON/clear                               |                8 |             29 |         3.62 |
|  CLK_IBUF_BUFG        |                                                      | Inst_DECODER/CLK_aux.cont[0]_i_1_n_0                 |                8 |             32 |         4.00 |
|  CLK_IBUF_BUFG        | Inst_PSWRD_BOTON/sel                                 | Inst_PSWRD_BOTON/clear                               |                9 |             35 |         3.89 |
+-----------------------+------------------------------------------------------+------------------------------------------------------+------------------+----------------+--------------+


