#
# A fatal error has been detected by the Java Runtime Environment:
#
#  EXCEPTION_ACCESS_VIOLATION (0xc0000005) at pc=0x00007ff99f417a1c, pid=9828, tid=14424
#
# JRE version: OpenJDK Runtime Environment 18.9 (11.0.11+9) (build 11.0.11+9)
# Java VM: OpenJDK 64-Bit Server VM 18.9 (11.0.11+9, mixed mode, tiered, compressed oops, g1 gc, windows-amd64)
# Problematic frame:
# C  [xerces-c_3_2.dll+0x7a1c]
#
# No core dump will be written. Minidumps are not enabled by default on client versions of Windows
#
# If you would like to submit a bug report, please visit:
#   https://bugreport.java.com/bugreport/crash.jsp
# The crash happened outside the Java Virtual Machine in native code.
# See problematic frame for where to report the bug.
#

---------------  S U M M A R Y ------------

Command Line: -Dsun.java2d.pmoffscreen=false -Dhttps.protocols=TLSv1,TLSv1.1,TLSv1.2 -Dsun.java2d.xrender=false -Dsun.java2d.d3d=false -Dsun.awt.nopixfmt=true -Dsun.java2d.dpiaware=true -Dsun.java2d.uiScale.enabled=false -Xverify:none -Dswing.aatext=true -XX:-UsePerfData -Djdk.map.althashing.threshold=512 -XX:StringTableSize=4072 --add-opens=java.desktop/com.sun.awt=ALL-UNNAMED --add-opens=java.desktop/javax.swing.plaf.synth=ALL-UNNAMED --add-opens=java.base/java.nio=ALL-UNNAMED --add-opens=java.desktop/sun.swing=ALL-UNNAMED --add-opens=java.desktop/javax.swing=ALL-UNNAMED --add-opens=java.desktop/javax.swing.tree=ALL-UNNAMED --add-opens=java.desktop/javax.swing.plaf.basic=ALL-UNNAMED --add-opens=java.desktop/javax.swing.plaf.synth=ALL-UNNAMED --add-opens=java.desktop/javax.swing.plaf.basic=ALL-UNNAMED --add-opens=java.desktop/javax.swing=ALL-UNNAMED --add-opens=java.desktop/javax.swing.tree=ALL-UNNAMED --add-opens=java.desktop/java.awt.event=ALL-UNNAMED --add-exports=java.desktop/javax.swing.plaf.synth=ALL-UNNAMED --add-exports=java.base/java.nio=ALL-UNNAMED --add-exports=java.desktop/sun.swing=ALL-UNNAMED --add-exports=java.desktop/javax.swing=ALL-UNNAMED --add-exports=java.desktop/javax.swing.tree=ALL-UNNAMED --add-exports=java.desktop/javax.swing.plaf.basic=ALL-UNNAMED --add-exports=java.desktop/sun.swing=ALL-UNNAMED --add-exports=java.desktop/sun.swing.table=ALL-UNNAMED --add-exports=java.desktop/sun.swing.plaf.synth=ALL-UNNAMED --add-exports=java.desktop/sun.awt.shell=ALL-UNNAMED --add-exports=java.base/sun.security.action=ALL-UNNAMED --add-exports=java.desktop/sun.font=ALL-UNNAMED -XX:NewSize=60m -XX:MaxNewSize=60m -Xms256m -Xmx3072m -Xss5m 

Host: Intel(R) Core(TM) i7-8565U CPU @ 1.80GHz, 8 cores, 15G,  Windows 10 , 64 bit Build 19041 (10.0.19041.2364)
Time: Thu Jan  5 19:14:56 2023 Hora estándar romance elapsed time: 30.782437 seconds (0d 0h 0m 30s)

---------------  T H R E A D  ---------------

Current thread (0x000001a700f1a000):  JavaThread "NewProject Thread" [_thread_in_native, id=14424, stack(0x0000009390000000,0x0000009390500000)]

Stack: [0x0000009390000000,0x0000009390500000],  sp=0x00000093904fe090,  free space=5112k
Native frames: (J=compiled Java code, j=interpreted, Vv=VM code, C=native code)
C  [xerces-c_3_2.dll+0x7a1c]
C  [xerces-c_3_2.dll+0x49d5f]
C  [librdi_common.dll+0x88a606]
C  [librdi_common.dll+0x888f2d]
C  [librdi_board.dll+0x47bb0]
C  [librdi_board.dll+0x3fbd4]
C  [librdi_board.dll+0x46355]
C  [librdi_boarddep.dll+0x5667]
C  [librdi_project.dll+0x3959ff]
C  0x000001a764fcf377

Java frames: (J=compiled Java code, j=interpreted, Vv=VM code)
j  ui.project.projecti.ProjUtils_createBoardPartIter(J)J+0
j  ui.data.a.R(Lui/project/m;)Ljava/util/List;+22
j  ui.views.c.t.g.DO()V+20
j  ui.views.i.aQy()Ljava/lang/Object;+4
j  ui.frmwork.y.run()V+23
j  java.lang.Thread.run()V+11 java.base@11.0.11
v  ~StubRoutines::call_stub

siginfo: EXCEPTION_ACCESS_VIOLATION (0xc0000005), reading address 0x0000000000000000


Register to memory mapping:

RIP=0x00007ff99f417a1c xerces-c_3_2.dll
RAX=0x00000093904fe138 is pointing into the stack for thread: 0x000001a700f1a000
RBX=0x00000093904fe148 is pointing into the stack for thread: 0x000001a700f1a000
RCX=0x00000093904fe148 is pointing into the stack for thread: 0x000001a700f1a000
RDX=0x0 is NULL
RSP=0x00000093904fe090 is pointing into the stack for thread: 0x000001a700f1a000
RBP=0x00000093904fe8b0 is pointing into the stack for thread: 0x000001a700f1a000
RSI=0x00000093904fe9c0 is pointing into the stack for thread: 0x000001a700f1a000
RDI=0x0 is NULL
R8 =0x0 is NULL
R9 =0x0 is NULL
R10=0x0000000000008000 is an unknown value
R11=0x00000093904fdfa0 is pointing into the stack for thread: 0x000001a700f1a000
R12=0x000000000000000f is an unknown value
R13=0x7fffffffffffffff is an unknown value
R14=0xffffffffffffffff is an unknown value
R15=0x000000000000004a is an unknown value


Registers:
RAX=0x00000093904fe138, RBX=0x00000093904fe148, RCX=0x00000093904fe148, RDX=0x0000000000000000
RSP=0x00000093904fe090, RBP=0x00000093904fe8b0, RSI=0x00000093904fe9c0, RDI=0x0000000000000000
R8 =0x0000000000000000, R9 =0x0000000000000000, R10=0x0000000000008000, R11=0x00000093904fdfa0
R12=0x000000000000000f, R13=0x7fffffffffffffff, R14=0xffffffffffffffff, R15=0x000000000000004a
RIP=0x00007ff99f417a1c, EFLAGS=0x0000000000010206

Top of Stack: (sp=0x00000093904fe090)
0x00000093904fe090:   0000000000000000 0000000000000000
0x00000093904fe0a0:   000001a707fae9e0 000000000000004b
0x00000093904fe0b0:   0000000000000000 00007ff99f459d5f
0x00000093904fe0c0:   00000093904fe9c0 00007ff994eb36a4
0x00000093904fe0d0:   00000000ffffffff 000001a751d90000
0x00000093904fe0e0:   0000000000000000 0000000000000000
0x00000093904fe0f0:   fffffffffffffffe 0000000000000001
0x00000093904fe100:   00000bf700000003 0000000063af2426
0x00000093904fe110:   fffffffffffffffe 0000000063873b36
0x00000093904fe120:   00002b058b908e5b 00000093904fe9c0
0x00000093904fe130:   0000000000000000 00007ff99503a606
0x00000093904fe140:   0000000000000000 0000000000000000
0x00000093904fe150:   0000000000000000 00000093904fe9c0
0x00000093904fe160:   0000000000000030 000001a751cf0e10
0x00000093904fe170:   0000000000000010 000001a77f4e2eb0
0x00000093904fe180:   00000093904fe9c0 0000000000000030 

Instructions: (pc=0x00007ff99f417a1c)
0x00007ff99f41791c:   18 48 8b 4b 18 4c 8d 04 7d 02 00 00 00 48 8b d6
0x00007ff99f41792c:   48 8b 5c 24 30 48 8b 74 24 38 48 83 c4 20 5f e9
0x00007ff99f41793c:   12 71 12 00 48 85 d2 75 08 45 33 c0 e9 23 00 00
0x00007ff99f41794c:   00 4c 8b c2 41 0f b7 00 49 83 c0 02 66 85 c0 75
0x00007ff99f41795c:   f3 4c 2b c2 49 d1 f8 49 ff c8 e9 05 00 00 00 cc
0x00007ff99f41796c:   cc cc cc cc 48 89 5c 24 08 48 89 74 24 10 57 48
0x00007ff99f41797c:   83 ec 20 49 8b f8 48 8b f2 48 8b d9 4c 3b 41 10
0x00007ff99f41798c:   72 2f 48 8b 49 28 48 8b 53 20 48 8b 01 ff 50 18
0x00007ff99f41799c:   48 8b 4b 28 48 8d 57 01 48 89 53 10 48 03 d2 48
0x00007ff99f4179ac:   c7 43 20 00 00 00 00 48 8b 01 ff 50 10 48 89 43
0x00007ff99f4179bc:   20 48 8b 4b 20 4c 8d 04 7d 02 00 00 00 48 8b d6
0x00007ff99f4179cc:   48 8b 5c 24 30 48 8b 74 24 38 48 83 c4 20 5f e9
0x00007ff99f4179dc:   72 70 12 00 40 53 48 83 ec 20 48 8b d9 48 c7 01
0x00007ff99f4179ec:   00 00 00 00 48 89 51 08 48 8b ca e8 64 13 00 00
0x00007ff99f4179fc:   48 89 03 48 8b c3 48 83 c4 20 5b c3 cc cc cc cc
0x00007ff99f417a0c:   cc cc cc cc 40 53 48 83 ec 20 48 8b d9 48 89 11
0x00007ff99f417a1c:   48 8b 0a e8 ac 12 00 00 48 8b c3 48 83 c4 20 5b
0x00007ff99f417a2c:   c3 cc cc cc 40 53 48 83 ec 30 48 c7 44 24 20 fe
0x00007ff99f417a3c:   ff ff ff 48 8b d9 48 8b 09 48 85 c9 74 11 48 8b
0x00007ff99f417a4c:   53 08 e8 7d 0d 00 00 90 48 c7 03 00 00 00 00 48
0x00007ff99f417a5c:   83 c4 30 5b c3 cc cc cc cc cc cc cc cc cc cc cc
0x00007ff99f417a6c:   cc cc cc cc 48 83 ec 38 48 c7 44 24 20 fe ff ff
0x00007ff99f417a7c:   ff 48 8b 09 48 8b 09 e8 48 1b 00 00 90 48 83 c4
0x00007ff99f417a8c:   38 c3 cc cc 40 53 48 83 ec 20 48 8b d9 48 8b 0d
0x00007ff99f417a9c:   c0 22 2a 00 48 c7 03 00 00 00 00 48 89 4b 08 e8
0x00007ff99f417aac:   b0 12 00 00 48 89 03 48 83 c4 20 5b c3 cc cc cc
0x00007ff99f417abc:   cc cc cc cc 48 8b 09 e9 08 12 00 00 cc cc cc cc
0x00007ff99f417acc:   cc cc cc cc 48 8b 09 e9 f8 1a 00 00 cc cc cc cc
0x00007ff99f417adc:   cc cc cc cc 83 f9 08 77 56 48 63 c1 48 8d 15 11
0x00007ff99f417aec:   85 ff ff 8b 8c 82 44 7b 00 00 48 03 ca ff e1 48
0x00007ff99f417afc:   8d 05 46 6d 14 00 c3 48 8d 05 66 6d 14 00 c3 48
0x00007ff99f417b0c:   8d 05 8e 6d 14 00 c3 48 8d 05 a6 6d 14 00 c3 48 


Stack slot to memory mapping:
stack at sp + 0 slots: 0x0 is NULL
stack at sp + 1 slots: 0x0 is NULL
stack at sp + 2 slots: 0x000001a707fae9e0 points into unknown readable memory: 0x000001a77d99f7e0 | e0 f7 99 7d a7 01 00 00
stack at sp + 3 slots: 0x000000000000004b is an unknown value
stack at sp + 4 slots: 0x0 is NULL
stack at sp + 5 slots: 0x00007ff99f459d5f xerces-c_3_2.dll
stack at sp + 6 slots: 0x00000093904fe9c0 is pointing into the stack for thread: 0x000001a700f1a000
stack at sp + 7 slots: 0x00007ff994eb36a4 librdi_common.dll


---------------  P R O C E S S  ---------------

Threads class SMR info:
_java_thread_list=0x000001a708b5bc00, length=25, elements={
0x000001a75c03f800, 0x000001a75c7a6800, 0x000001a75c7a8000, 0x000001a75c7bf000,
0x000001a75c7c0000, 0x000001a75c7c1000, 0x000001a75c7c3000, 0x000001a75c7c4800,
0x000001a75c7c9800, 0x000001a77d052000, 0x000001a77d747000, 0x000001a77d96f000,
0x000001a77d8a2000, 0x000001a700be0800, 0x000001a77f0b9000, 0x000001a77df00800,
0x000001a77de3c800, 0x000001a700f18000, 0x000001a700f1a800, 0x000001a700f1a000,
0x000001a7016a1800, 0x000001a7016a3000, 0x000001a7016a8000, 0x000001a7016a2000,
0x000001a7016a3800
}

Java Threads: ( => current thread )
  0x000001a75c03f800 JavaThread "main" [_thread_blocked, id=18456, stack(0x0000009389300000,0x0000009389400000)]
  0x000001a75c7a6800 JavaThread "Reference Handler" daemon [_thread_blocked, id=10796, stack(0x0000009389c00000,0x000000938a100000)]
  0x000001a75c7a8000 JavaThread "Finalizer" daemon [_thread_blocked, id=8128, stack(0x000000938a100000,0x000000938a600000)]
  0x000001a75c7bf000 JavaThread "Signal Dispatcher" daemon [_thread_blocked, id=18680, stack(0x000000938a600000,0x000000938ab00000)]
  0x000001a75c7c0000 JavaThread "Attach Listener" daemon [_thread_blocked, id=18560, stack(0x000000938ab00000,0x000000938b000000)]
  0x000001a75c7c1000 JavaThread "Service Thread" daemon [_thread_blocked, id=13692, stack(0x000000938b000000,0x000000938b500000)]
  0x000001a75c7c3000 JavaThread "C2 CompilerThread0" daemon [_thread_blocked, id=21020, stack(0x000000938b500000,0x000000938b600000)]
  0x000001a75c7c4800 JavaThread "C1 CompilerThread0" daemon [_thread_blocked, id=16944, stack(0x000000938b600000,0x000000938b700000)]
  0x000001a75c7c9800 JavaThread "Sweeper thread" daemon [_thread_blocked, id=14044, stack(0x000000938b700000,0x000000938bc00000)]
  0x000001a77d052000 JavaThread "Common-Cleaner" daemon [_thread_blocked, id=148, stack(0x000000938be00000,0x000000938c300000)]
  0x000001a77d747000 JavaThread "Java2D Disposer" daemon [_thread_blocked, id=5372, stack(0x000000938c300000,0x000000938c800000)]
  0x000001a77d96f000 JavaThread "AWT-Windows" daemon [_thread_in_native, id=15940, stack(0x000000938cd00000,0x000000938d200000)]
  0x000001a77d8a2000 JavaThread "TimerQueue" daemon [_thread_blocked, id=7076, stack(0x000000938d300000,0x000000938d800000)]
  0x000001a700be0800 JavaThread "AWT-Shutdown" [_thread_blocked, id=18232, stack(0x000000938df00000,0x000000938e400000)]
  0x000001a77f0b9000 JavaThread "AWT-EventQueue-0" [_thread_in_native, id=2992, stack(0x000000938e400000,0x000000938e900000)]
  0x000001a77df00800 JavaThread "Thread-1" [_thread_in_native, id=17216, stack(0x0000009387d00000,0x0000009389100000)]
  0x000001a77de3c800 JavaThread "Process Messages Thread" [_thread_blocked, id=14732, stack(0x000000938f100000,0x000000938f600000)]
  0x000001a700f18000 JavaThread "Batik CleanerThread" daemon [_thread_blocked, id=13304, stack(0x000000938e900000,0x000000938ee00000)]
  0x000001a700f1a800 JavaThread "SyntheticaCleanerThread" daemon [_thread_blocked, id=10472, stack(0x000000938fb00000,0x0000009390000000)]
=>0x000001a700f1a000 JavaThread "NewProject Thread" [_thread_in_native, id=14424, stack(0x0000009390000000,0x0000009390500000)]
  0x000001a7016a1800 JavaThread "Monitor HEventQueue Thread" [_thread_blocked, id=4200, stack(0x0000009390500000,0x0000009390a00000)]
  0x000001a7016a3000 JavaThread "SyntheticaAnimation 50" daemon [_thread_blocked, id=13044, stack(0x000000938d900000,0x000000938de00000)]
  0x000001a7016a8000 JavaThread "SyntheticaAnimation 25" daemon [_thread_blocked, id=14060, stack(0x0000009390a00000,0x0000009390f00000)]
  0x000001a7016a2000 JavaThread "Open Project Thread" [_thread_in_native, id=5316, stack(0x000000938f600000,0x000000938fb00000)]
  0x000001a7016a3800 JavaThread "SyntheticaAnimation 70" daemon [_thread_blocked, id=1888, stack(0x0000009390f00000,0x0000009391400000)]

Other Threads:
  0x000001a75c75f000 VMThread "VM Thread" [stack: 0x0000009389b00000,0x0000009389c00000] [id=19056]
  0x000001a75c905000 WatcherThread [stack: 0x000000938bd00000,0x000000938be00000] [id=2828]
  0x000001a75bf93000 GCTaskThread "GC Thread#0" [stack: 0x0000009389600000,0x0000009389700000] [id=20192]
  0x000001a77dec2000 GCTaskThread "GC Thread#1" [stack: 0x000000938bc00000,0x000000938bd00000] [id=14020]
  0x000001a77ef56800 GCTaskThread "GC Thread#2" [stack: 0x000000938c800000,0x000000938c900000] [id=7880]
  0x000001a77f2ce000 GCTaskThread "GC Thread#3" [stack: 0x000000938c900000,0x000000938ca00000] [id=13396]
  0x000001a77f695000 GCTaskThread "GC Thread#4" [stack: 0x000000938ca00000,0x000000938cb00000] [id=6012]
  0x000001a77f695800 GCTaskThread "GC Thread#5" [stack: 0x000000938cb00000,0x000000938cc00000] [id=19984]
  0x000001a77f106000 GCTaskThread "GC Thread#6" [stack: 0x000000938ee00000,0x000000938ef00000] [id=5948]
  0x000001a77df12800 GCTaskThread "GC Thread#7" [stack: 0x000000938ef00000,0x000000938f000000] [id=15492]
  0x000001a75c503800 ConcurrentGCThread "G1 Main Marker" [stack: 0x0000009389700000,0x0000009389800000] [id=12336]
  0x000001a75c506800 ConcurrentGCThread "G1 Conc#0" [stack: 0x0000009389800000,0x0000009389900000] [id=3812]
  0x000001a77f243000 ConcurrentGCThread "G1 Conc#1" [stack: 0x000000938f000000,0x000000938f100000] [id=14032]
  0x000001a75c600800 ConcurrentGCThread "G1 Refine#0" [stack: 0x0000009389900000,0x0000009389a00000] [id=18988]
  0x000001a77ef51000 ConcurrentGCThread "G1 Refine#1" [stack: 0x000000938cc00000,0x000000938cd00000] [id=19792]
  0x000001a77f19e000 ConcurrentGCThread "G1 Refine#2" [stack: 0x000000938d200000,0x000000938d300000] [id=14640]
  0x000001a75c603800 ConcurrentGCThread "G1 Young RemSet Sampling" [stack: 0x0000009389a00000,0x0000009389b00000] [id=3216]

Threads with active compile tasks:

VM state:not at safepoint (normal execution)

VM Mutex/Monitor currently owned by a thread: None

Heap address: 0x0000000740000000, size: 3072 MB, Compressed Oops mode: Zero based, Oop shift amount: 3
Narrow klass base: 0x0000000800000000, Narrow klass shift: 0
Compressed class space size: 1073741824 Address: 0x0000000800000000

Heap:
 garbage-first heap   total 262144K, used 124552K [0x0000000740000000, 0x0000000800000000)
  region size 1024K, 58 young (59392K), 1 survivors (1024K)
 Metaspace       used 60947K, capacity 62261K, committed 62384K, reserved 1103872K
  class space    used 7525K, capacity 8098K, committed 8192K, reserved 1048576K
Heap Regions: E=young(eden), S=young(survivor), O=old, HS=humongous(starts), HC=humongous(continues), CS=collection set, F=free, A=archive, TAMS=top-at-mark-start (previous, next)
|   0|0x0000000740000000, 0x0000000740100000, 0x0000000740100000|100%|HS|  |TAMS 0x0000000740100000, 0x0000000740000000| Complete 
|   1|0x0000000740100000, 0x0000000740200000, 0x0000000740200000|100%|HC|  |TAMS 0x0000000740200000, 0x0000000740100000| Complete 
|   2|0x0000000740200000, 0x0000000740300000, 0x0000000740300000|100%|HS|  |TAMS 0x0000000740300000, 0x0000000740200000| Complete 
|   3|0x0000000740300000, 0x0000000740400000, 0x0000000740400000|100%| O|  |TAMS 0x0000000740400000, 0x0000000740300000| Untracked 
|   4|0x0000000740400000, 0x0000000740500000, 0x0000000740500000|100%| O|  |TAMS 0x0000000740500000, 0x0000000740400000| Untracked 
|   5|0x0000000740500000, 0x0000000740600000, 0x0000000740600000|100%| O|  |TAMS 0x0000000740600000, 0x0000000740500000| Untracked 
|   6|0x0000000740600000, 0x0000000740700000, 0x0000000740700000|100%| O|  |TAMS 0x0000000740700000, 0x0000000740600000| Untracked 
|   7|0x0000000740700000, 0x0000000740800000, 0x0000000740800000|100%| O|  |TAMS 0x0000000740800000, 0x0000000740700000| Untracked 
|   8|0x0000000740800000, 0x0000000740900000, 0x0000000740900000|100%| O|  |TAMS 0x0000000740900000, 0x0000000740800000| Untracked 
|   9|0x0000000740900000, 0x0000000740a00000, 0x0000000740a00000|100%| O|  |TAMS 0x0000000740a00000, 0x0000000740900000| Untracked 
|  10|0x0000000740a00000, 0x0000000740b00000, 0x0000000740b00000|100%| O|  |TAMS 0x0000000740b00000, 0x0000000740a00000| Untracked 
|  11|0x0000000740b00000, 0x0000000740c00000, 0x0000000740c00000|100%| O|  |TAMS 0x0000000740c00000, 0x0000000740b00000| Untracked 
|  12|0x0000000740c00000, 0x0000000740d00000, 0x0000000740d00000|100%| O|  |TAMS 0x0000000740d00000, 0x0000000740c00000| Untracked 
|  13|0x0000000740d00000, 0x0000000740e00000, 0x0000000740e00000|100%| O|  |TAMS 0x0000000740e00000, 0x0000000740d00000| Untracked 
|  14|0x0000000740e00000, 0x0000000740f00000, 0x0000000740f00000|100%| O|  |TAMS 0x0000000740f00000, 0x0000000740e00000| Untracked 
|  15|0x0000000740f00000, 0x0000000741000000, 0x0000000741000000|100%| O|  |TAMS 0x0000000741000000, 0x0000000740f00000| Untracked 
|  16|0x0000000741000000, 0x0000000741100000, 0x0000000741100000|100%| O|  |TAMS 0x0000000741100000, 0x0000000741000000| Untracked 
|  17|0x0000000741100000, 0x0000000741200000, 0x0000000741200000|100%| O|  |TAMS 0x0000000741200000, 0x0000000741100000| Untracked 
|  18|0x0000000741200000, 0x0000000741300000, 0x0000000741300000|100%| O|  |TAMS 0x0000000741300000, 0x0000000741200000| Untracked 
|  19|0x0000000741300000, 0x0000000741400000, 0x0000000741400000|100%| O|  |TAMS 0x0000000741400000, 0x0000000741300000| Untracked 
|  20|0x0000000741400000, 0x0000000741500000, 0x0000000741500000|100%| O|  |TAMS 0x0000000741500000, 0x0000000741400000| Untracked 
|  21|0x0000000741500000, 0x0000000741600000, 0x0000000741600000|100%|HS|  |TAMS 0x0000000741600000, 0x0000000741500000| Complete 
|  22|0x0000000741600000, 0x0000000741700000, 0x0000000741700000|100%|HS|  |TAMS 0x0000000741600000, 0x0000000741600000| Complete 
|  23|0x0000000741700000, 0x0000000741800000, 0x0000000741800000|100%| O|  |TAMS 0x0000000741800000, 0x0000000741700000| Untracked 
|  24|0x0000000741800000, 0x0000000741900000, 0x0000000741900000|100%| O|  |TAMS 0x0000000741900000, 0x0000000741800000| Untracked 
|  25|0x0000000741900000, 0x0000000741a00000, 0x0000000741a00000|100%| O|  |TAMS 0x0000000741a00000, 0x0000000741900000| Untracked 
|  26|0x0000000741a00000, 0x0000000741b00000, 0x0000000741b00000|100%| O|  |TAMS 0x0000000741b00000, 0x0000000741a00000| Untracked 
|  27|0x0000000741b00000, 0x0000000741c00000, 0x0000000741c00000|100%| O|  |TAMS 0x0000000741c00000, 0x0000000741b00000| Untracked 
|  28|0x0000000741c00000, 0x0000000741d00000, 0x0000000741d00000|100%| O|  |TAMS 0x0000000741d00000, 0x0000000741c00000| Untracked 
|  29|0x0000000741d00000, 0x0000000741e00000, 0x0000000741e00000|100%| O|  |TAMS 0x0000000741e00000, 0x0000000741d00000| Untracked 
|  30|0x0000000741e00000, 0x0000000741f00000, 0x0000000741f00000|100%| O|  |TAMS 0x0000000741f00000, 0x0000000741e00000| Untracked 
|  31|0x0000000741f00000, 0x0000000742000000, 0x0000000742000000|100%| O|  |TAMS 0x0000000742000000, 0x0000000741f00000| Untracked 
|  32|0x0000000742000000, 0x0000000742100000, 0x0000000742100000|100%| O|  |TAMS 0x0000000742100000, 0x0000000742000000| Untracked 
|  33|0x0000000742100000, 0x0000000742200000, 0x0000000742200000|100%| O|  |TAMS 0x0000000742200000, 0x0000000742100000| Untracked 
|  34|0x0000000742200000, 0x0000000742300000, 0x0000000742300000|100%| O|  |TAMS 0x0000000742300000, 0x0000000742200000| Untracked 
|  35|0x0000000742300000, 0x0000000742400000, 0x0000000742400000|100%| O|  |TAMS 0x0000000742400000, 0x0000000742300000| Untracked 
|  36|0x0000000742400000, 0x0000000742500000, 0x0000000742500000|100%| O|  |TAMS 0x0000000742500000, 0x0000000742400000| Untracked 
|  37|0x0000000742500000, 0x0000000742600000, 0x0000000742600000|100%| O|  |TAMS 0x0000000742600000, 0x0000000742500000| Untracked 
|  38|0x0000000742600000, 0x0000000742700000, 0x0000000742700000|100%| O|  |TAMS 0x0000000742700000, 0x0000000742600000| Untracked 
|  39|0x0000000742700000, 0x0000000742800000, 0x0000000742800000|100%| O|  |TAMS 0x0000000742800000, 0x0000000742700000| Untracked 
|  40|0x0000000742800000, 0x0000000742900000, 0x0000000742900000|100%| O|  |TAMS 0x0000000742900000, 0x0000000742800000| Untracked 
|  41|0x0000000742900000, 0x0000000742a00000, 0x0000000742a00000|100%| O|  |TAMS 0x0000000742a00000, 0x0000000742900000| Untracked 
|  42|0x0000000742a00000, 0x0000000742b00000, 0x0000000742b00000|100%|HS|  |TAMS 0x0000000742b00000, 0x0000000742a00000| Complete 
|  43|0x0000000742b00000, 0x0000000742c00000, 0x0000000742c00000|100%|HC|  |TAMS 0x0000000742c00000, 0x0000000742b00000| Complete 
|  44|0x0000000742c00000, 0x0000000742d00000, 0x0000000742d00000|100%|HC|  |TAMS 0x0000000742d00000, 0x0000000742c00000| Complete 
|  45|0x0000000742d00000, 0x0000000742e00000, 0x0000000742e00000|100%|HC|  |TAMS 0x0000000742e00000, 0x0000000742d00000| Complete 
|  46|0x0000000742e00000, 0x0000000742f00000, 0x0000000742f00000|100%|HC|  |TAMS 0x0000000742f00000, 0x0000000742e00000| Complete 
|  47|0x0000000742f00000, 0x0000000743000000, 0x0000000743000000|100%|HC|  |TAMS 0x0000000743000000, 0x0000000742f00000| Complete 
|  48|0x0000000743000000, 0x0000000743100000, 0x0000000743100000|100%|HC|  |TAMS 0x0000000743100000, 0x0000000743000000| Complete 
|  49|0x0000000743100000, 0x0000000743200000, 0x0000000743200000|100%|HC|  |TAMS 0x0000000743200000, 0x0000000743100000| Complete 
|  50|0x0000000743200000, 0x0000000743300000, 0x0000000743300000|100%| O|  |TAMS 0x0000000743300000, 0x0000000743200000| Untracked 
|  51|0x0000000743300000, 0x0000000743400000, 0x0000000743400000|100%| O|  |TAMS 0x0000000743400000, 0x0000000743300000| Untracked 
|  52|0x0000000743400000, 0x0000000743500000, 0x0000000743500000|100%| O|  |TAMS 0x0000000743500000, 0x0000000743400000| Untracked 
|  53|0x0000000743500000, 0x0000000743600000, 0x0000000743600000|100%| O|  |TAMS 0x0000000743600000, 0x0000000743500000| Untracked 
|  54|0x0000000743600000, 0x0000000743700000, 0x0000000743700000|100%| O|  |TAMS 0x0000000743700000, 0x0000000743600000| Untracked 
|  55|0x0000000743700000, 0x0000000743800000, 0x0000000743800000|100%| O|  |TAMS 0x0000000743800000, 0x0000000743700000| Untracked 
|  56|0x0000000743800000, 0x0000000743900000, 0x0000000743900000|100%| O|  |TAMS 0x0000000743900000, 0x0000000743800000| Untracked 
|  57|0x0000000743900000, 0x0000000743a00000, 0x0000000743a00000|100%| O|  |TAMS 0x0000000743a00000, 0x0000000743900000| Untracked 
|  58|0x0000000743a00000, 0x0000000743b00000, 0x0000000743b00000|100%| O|  |TAMS 0x0000000743b00000, 0x0000000743a00000| Untracked 
|  59|0x0000000743b00000, 0x0000000743c00000, 0x0000000743c00000|100%| O|  |TAMS 0x0000000743c00000, 0x0000000743b00000| Untracked 
|  60|0x0000000743c00000, 0x0000000743d00000, 0x0000000743d00000|100%| O|  |TAMS 0x0000000743d00000, 0x0000000743c00000| Untracked 
|  61|0x0000000743d00000, 0x0000000743e00000, 0x0000000743e00000|100%| O|  |TAMS 0x0000000743e00000, 0x0000000743d00000| Untracked 
|  62|0x0000000743e00000, 0x0000000743ec1000, 0x0000000743f00000| 75%| O|  |TAMS 0x0000000743ec1000, 0x0000000743e00000| Untracked 
|  63|0x0000000743f00000, 0x0000000744000000, 0x0000000744000000|100%|HS|  |TAMS 0x0000000743f00000, 0x0000000743f00000| Complete 
|  64|0x0000000744000000, 0x0000000744100000, 0x0000000744100000|100%|HS|  |TAMS 0x0000000744000000, 0x0000000744000000| Complete 
|  65|0x0000000744100000, 0x0000000744100000, 0x0000000744200000|  0%| F|  |TAMS 0x0000000744100000, 0x0000000744100000| Untracked 
|  66|0x0000000744200000, 0x0000000744200000, 0x0000000744300000|  0%| F|  |TAMS 0x0000000744200000, 0x0000000744200000| Untracked 
|  67|0x0000000744300000, 0x0000000744300000, 0x0000000744400000|  0%| F|  |TAMS 0x0000000744300000, 0x0000000744300000| Untracked 
|  68|0x0000000744400000, 0x0000000744400000, 0x0000000744500000|  0%| F|  |TAMS 0x0000000744400000, 0x0000000744400000| Untracked 
|  69|0x0000000744500000, 0x0000000744500000, 0x0000000744600000|  0%| F|  |TAMS 0x0000000744500000, 0x0000000744500000| Untracked 
|  70|0x0000000744600000, 0x0000000744600000, 0x0000000744700000|  0%| F|  |TAMS 0x0000000744600000, 0x0000000744600000| Untracked 
|  71|0x0000000744700000, 0x0000000744700000, 0x0000000744800000|  0%| F|  |TAMS 0x0000000744700000, 0x0000000744700000| Untracked 
|  72|0x0000000744800000, 0x0000000744800000, 0x0000000744900000|  0%| F|  |TAMS 0x0000000744800000, 0x0000000744800000| Untracked 
|  73|0x0000000744900000, 0x0000000744900000, 0x0000000744a00000|  0%| F|  |TAMS 0x0000000744900000, 0x0000000744900000| Untracked 
|  74|0x0000000744a00000, 0x0000000744a00000, 0x0000000744b00000|  0%| F|  |TAMS 0x0000000744a00000, 0x0000000744a00000| Untracked 
|  75|0x0000000744b00000, 0x0000000744b00000, 0x0000000744c00000|  0%| F|  |TAMS 0x0000000744b00000, 0x0000000744b00000| Untracked 
|  76|0x0000000744c00000, 0x0000000744c00000, 0x0000000744d00000|  0%| F|  |TAMS 0x0000000744c00000, 0x0000000744c00000| Untracked 
|  77|0x0000000744d00000, 0x0000000744d00000, 0x0000000744e00000|  0%| F|  |TAMS 0x0000000744d00000, 0x0000000744d00000| Untracked 
|  78|0x0000000744e00000, 0x0000000744e00000, 0x0000000744f00000|  0%| F|  |TAMS 0x0000000744e00000, 0x0000000744e00000| Untracked 
|  79|0x0000000744f00000, 0x0000000744f00000, 0x0000000745000000|  0%| F|  |TAMS 0x0000000744f00000, 0x0000000744f00000| Untracked 
|  80|0x0000000745000000, 0x0000000745000000, 0x0000000745100000|  0%| F|  |TAMS 0x0000000745000000, 0x0000000745000000| Untracked 
|  81|0x0000000745100000, 0x0000000745100000, 0x0000000745200000|  0%| F|  |TAMS 0x0000000745100000, 0x0000000745100000| Untracked 
|  82|0x0000000745200000, 0x0000000745200000, 0x0000000745300000|  0%| F|  |TAMS 0x0000000745200000, 0x0000000745200000| Untracked 
|  83|0x0000000745300000, 0x0000000745300000, 0x0000000745400000|  0%| F|  |TAMS 0x0000000745300000, 0x0000000745300000| Untracked 
|  84|0x0000000745400000, 0x0000000745400000, 0x0000000745500000|  0%| F|  |TAMS 0x0000000745400000, 0x0000000745400000| Untracked 
|  85|0x0000000745500000, 0x0000000745500000, 0x0000000745600000|  0%| F|  |TAMS 0x0000000745500000, 0x0000000745500000| Untracked 
|  86|0x0000000745600000, 0x0000000745600000, 0x0000000745700000|  0%| F|  |TAMS 0x0000000745600000, 0x0000000745600000| Untracked 
|  87|0x0000000745700000, 0x0000000745700000, 0x0000000745800000|  0%| F|  |TAMS 0x0000000745700000, 0x0000000745700000| Untracked 
|  88|0x0000000745800000, 0x0000000745800000, 0x0000000745900000|  0%| F|  |TAMS 0x0000000745800000, 0x0000000745800000| Untracked 
|  89|0x0000000745900000, 0x0000000745900000, 0x0000000745a00000|  0%| F|  |TAMS 0x0000000745900000, 0x0000000745900000| Untracked 
|  90|0x0000000745a00000, 0x0000000745a00000, 0x0000000745b00000|  0%| F|  |TAMS 0x0000000745a00000, 0x0000000745a00000| Untracked 
|  91|0x0000000745b00000, 0x0000000745b00000, 0x0000000745c00000|  0%| F|  |TAMS 0x0000000745b00000, 0x0000000745b00000| Untracked 
|  92|0x0000000745c00000, 0x0000000745c00000, 0x0000000745d00000|  0%| F|  |TAMS 0x0000000745c00000, 0x0000000745c00000| Untracked 
|  93|0x0000000745d00000, 0x0000000745d00000, 0x0000000745e00000|  0%| F|  |TAMS 0x0000000745d00000, 0x0000000745d00000| Untracked 
|  94|0x0000000745e00000, 0x0000000745e00000, 0x0000000745f00000|  0%| F|  |TAMS 0x0000000745e00000, 0x0000000745e00000| Untracked 
|  95|0x0000000745f00000, 0x0000000745f00000, 0x0000000746000000|  0%| F|  |TAMS 0x0000000745f00000, 0x0000000745f00000| Untracked 
|  96|0x0000000746000000, 0x0000000746000000, 0x0000000746100000|  0%| F|  |TAMS 0x0000000746000000, 0x0000000746000000| Untracked 
|  97|0x0000000746100000, 0x0000000746100000, 0x0000000746200000|  0%| F|  |TAMS 0x0000000746100000, 0x0000000746100000| Untracked 
|  98|0x0000000746200000, 0x0000000746200000, 0x0000000746300000|  0%| F|  |TAMS 0x0000000746200000, 0x0000000746200000| Untracked 
|  99|0x0000000746300000, 0x0000000746300000, 0x0000000746400000|  0%| F|  |TAMS 0x0000000746300000, 0x0000000746300000| Untracked 
| 100|0x0000000746400000, 0x0000000746400000, 0x0000000746500000|  0%| F|  |TAMS 0x0000000746400000, 0x0000000746400000| Untracked 
| 101|0x0000000746500000, 0x0000000746500000, 0x0000000746600000|  0%| F|  |TAMS 0x0000000746500000, 0x0000000746500000| Untracked 
| 102|0x0000000746600000, 0x0000000746600000, 0x0000000746700000|  0%| F|  |TAMS 0x0000000746600000, 0x0000000746600000| Untracked 
| 103|0x0000000746700000, 0x0000000746700000, 0x0000000746800000|  0%| F|  |TAMS 0x0000000746700000, 0x0000000746700000| Untracked 
| 104|0x0000000746800000, 0x0000000746800000, 0x0000000746900000|  0%| F|  |TAMS 0x0000000746800000, 0x0000000746800000| Untracked 
| 105|0x0000000746900000, 0x0000000746900000, 0x0000000746a00000|  0%| F|  |TAMS 0x0000000746900000, 0x0000000746900000| Untracked 
| 106|0x0000000746a00000, 0x0000000746a00000, 0x0000000746b00000|  0%| F|  |TAMS 0x0000000746a00000, 0x0000000746a00000| Untracked 
| 107|0x0000000746b00000, 0x0000000746b00000, 0x0000000746c00000|  0%| F|  |TAMS 0x0000000746b00000, 0x0000000746b00000| Untracked 
| 108|0x0000000746c00000, 0x0000000746c00000, 0x0000000746d00000|  0%| F|  |TAMS 0x0000000746c00000, 0x0000000746c00000| Untracked 
| 109|0x0000000746d00000, 0x0000000746d00000, 0x0000000746e00000|  0%| F|  |TAMS 0x0000000746d00000, 0x0000000746d00000| Untracked 
| 110|0x0000000746e00000, 0x0000000746e00000, 0x0000000746f00000|  0%| F|  |TAMS 0x0000000746e00000, 0x0000000746e00000| Untracked 
| 111|0x0000000746f00000, 0x0000000746f00000, 0x0000000747000000|  0%| F|  |TAMS 0x0000000746f00000, 0x0000000746f00000| Untracked 
| 112|0x0000000747000000, 0x0000000747000000, 0x0000000747100000|  0%| F|  |TAMS 0x0000000747000000, 0x0000000747000000| Untracked 
| 113|0x0000000747100000, 0x0000000747100000, 0x0000000747200000|  0%| F|  |TAMS 0x0000000747100000, 0x0000000747100000| Untracked 
| 114|0x0000000747200000, 0x0000000747200000, 0x0000000747300000|  0%| F|  |TAMS 0x0000000747200000, 0x0000000747200000| Untracked 
| 115|0x0000000747300000, 0x0000000747300000, 0x0000000747400000|  0%| F|  |TAMS 0x0000000747300000, 0x0000000747300000| Untracked 
| 116|0x0000000747400000, 0x0000000747400000, 0x0000000747500000|  0%| F|  |TAMS 0x0000000747400000, 0x0000000747400000| Untracked 
| 117|0x0000000747500000, 0x0000000747500000, 0x0000000747600000|  0%| F|  |TAMS 0x0000000747500000, 0x0000000747500000| Untracked 
| 118|0x0000000747600000, 0x0000000747600000, 0x0000000747700000|  0%| F|  |TAMS 0x0000000747600000, 0x0000000747600000| Untracked 
| 119|0x0000000747700000, 0x0000000747700000, 0x0000000747800000|  0%| F|  |TAMS 0x0000000747700000, 0x0000000747700000| Untracked 
| 120|0x0000000747800000, 0x0000000747800000, 0x0000000747900000|  0%| F|  |TAMS 0x0000000747800000, 0x0000000747800000| Untracked 
| 121|0x0000000747900000, 0x0000000747900000, 0x0000000747a00000|  0%| F|  |TAMS 0x0000000747900000, 0x0000000747900000| Untracked 
| 122|0x0000000747a00000, 0x0000000747a00000, 0x0000000747b00000|  0%| F|  |TAMS 0x0000000747a00000, 0x0000000747a00000| Untracked 
| 123|0x0000000747b00000, 0x0000000747b00000, 0x0000000747c00000|  0%| F|  |TAMS 0x0000000747b00000, 0x0000000747b00000| Untracked 
| 124|0x0000000747c00000, 0x0000000747c00000, 0x0000000747d00000|  0%| F|  |TAMS 0x0000000747c00000, 0x0000000747c00000| Untracked 
| 125|0x0000000747d00000, 0x0000000747d00000, 0x0000000747e00000|  0%| F|  |TAMS 0x0000000747d00000, 0x0000000747d00000| Untracked 
| 126|0x0000000747e00000, 0x0000000747e00000, 0x0000000747f00000|  0%| F|  |TAMS 0x0000000747e00000, 0x0000000747e00000| Untracked 
| 127|0x0000000747f00000, 0x0000000747f00000, 0x0000000748000000|  0%| F|  |TAMS 0x0000000747f00000, 0x0000000747f00000| Untracked 
| 128|0x0000000748000000, 0x0000000748000000, 0x0000000748100000|  0%| F|  |TAMS 0x0000000748000000, 0x0000000748000000| Untracked 
| 129|0x0000000748100000, 0x0000000748100000, 0x0000000748200000|  0%| F|  |TAMS 0x0000000748100000, 0x0000000748100000| Untracked 
| 130|0x0000000748200000, 0x0000000748200000, 0x0000000748300000|  0%| F|  |TAMS 0x0000000748200000, 0x0000000748200000| Untracked 
| 131|0x0000000748300000, 0x0000000748300000, 0x0000000748400000|  0%| F|  |TAMS 0x0000000748300000, 0x0000000748300000| Untracked 
| 132|0x0000000748400000, 0x0000000748400000, 0x0000000748500000|  0%| F|  |TAMS 0x0000000748400000, 0x0000000748400000| Untracked 
| 133|0x0000000748500000, 0x0000000748500000, 0x0000000748600000|  0%| F|  |TAMS 0x0000000748500000, 0x0000000748500000| Untracked 
| 134|0x0000000748600000, 0x0000000748600000, 0x0000000748700000|  0%| F|  |TAMS 0x0000000748600000, 0x0000000748600000| Untracked 
| 135|0x0000000748700000, 0x0000000748700000, 0x0000000748800000|  0%| F|  |TAMS 0x0000000748700000, 0x0000000748700000| Untracked 
| 136|0x0000000748800000, 0x0000000748800000, 0x0000000748900000|  0%| F|  |TAMS 0x0000000748800000, 0x0000000748800000| Untracked 
| 137|0x0000000748900000, 0x0000000748900000, 0x0000000748a00000|  0%| F|  |TAMS 0x0000000748900000, 0x0000000748900000| Untracked 
| 138|0x0000000748a00000, 0x0000000748a00000, 0x0000000748b00000|  0%| F|  |TAMS 0x0000000748a00000, 0x0000000748a00000| Untracked 
| 139|0x0000000748b00000, 0x0000000748b00000, 0x0000000748c00000|  0%| F|  |TAMS 0x0000000748b00000, 0x0000000748b00000| Untracked 
| 140|0x0000000748c00000, 0x0000000748c00000, 0x0000000748d00000|  0%| F|  |TAMS 0x0000000748c00000, 0x0000000748c00000| Untracked 
| 141|0x0000000748d00000, 0x0000000748d00000, 0x0000000748e00000|  0%| F|  |TAMS 0x0000000748d00000, 0x0000000748d00000| Untracked 
| 142|0x0000000748e00000, 0x0000000748e00000, 0x0000000748f00000|  0%| F|  |TAMS 0x0000000748e00000, 0x0000000748e00000| Untracked 
| 143|0x0000000748f00000, 0x0000000748f00000, 0x0000000749000000|  0%| F|  |TAMS 0x0000000748f00000, 0x0000000748f00000| Untracked 
| 144|0x0000000749000000, 0x0000000749000000, 0x0000000749100000|  0%| F|  |TAMS 0x0000000749000000, 0x0000000749000000| Untracked 
| 145|0x0000000749100000, 0x0000000749100000, 0x0000000749200000|  0%| F|  |TAMS 0x0000000749100000, 0x0000000749100000| Untracked 
| 146|0x0000000749200000, 0x0000000749200000, 0x0000000749300000|  0%| F|  |TAMS 0x0000000749200000, 0x0000000749200000| Untracked 
| 147|0x0000000749300000, 0x0000000749300000, 0x0000000749400000|  0%| F|  |TAMS 0x0000000749300000, 0x0000000749300000| Untracked 
| 148|0x0000000749400000, 0x0000000749400000, 0x0000000749500000|  0%| F|  |TAMS 0x0000000749400000, 0x0000000749400000| Untracked 
| 149|0x0000000749500000, 0x0000000749500000, 0x0000000749600000|  0%| F|  |TAMS 0x0000000749500000, 0x0000000749500000| Untracked 
| 150|0x0000000749600000, 0x0000000749600000, 0x0000000749700000|  0%| F|  |TAMS 0x0000000749600000, 0x0000000749600000| Untracked 
| 151|0x0000000749700000, 0x0000000749700000, 0x0000000749800000|  0%| F|  |TAMS 0x0000000749700000, 0x0000000749700000| Untracked 
| 152|0x0000000749800000, 0x0000000749800000, 0x0000000749900000|  0%| F|  |TAMS 0x0000000749800000, 0x0000000749800000| Untracked 
| 153|0x0000000749900000, 0x0000000749900000, 0x0000000749a00000|  0%| F|  |TAMS 0x0000000749900000, 0x0000000749900000| Untracked 
| 154|0x0000000749a00000, 0x0000000749a00000, 0x0000000749b00000|  0%| F|  |TAMS 0x0000000749a00000, 0x0000000749a00000| Untracked 
| 155|0x0000000749b00000, 0x0000000749b00000, 0x0000000749c00000|  0%| F|  |TAMS 0x0000000749b00000, 0x0000000749b00000| Untracked 
| 156|0x0000000749c00000, 0x0000000749c00000, 0x0000000749d00000|  0%| F|  |TAMS 0x0000000749c00000, 0x0000000749c00000| Untracked 
| 157|0x0000000749d00000, 0x0000000749d00000, 0x0000000749e00000|  0%| F|  |TAMS 0x0000000749d00000, 0x0000000749d00000| Untracked 
| 158|0x0000000749e00000, 0x0000000749e00000, 0x0000000749f00000|  0%| F|  |TAMS 0x0000000749e00000, 0x0000000749e00000| Untracked 
| 159|0x0000000749f00000, 0x0000000749f00000, 0x000000074a000000|  0%| F|  |TAMS 0x0000000749f00000, 0x0000000749f00000| Untracked 
| 160|0x000000074a000000, 0x000000074a000000, 0x000000074a100000|  0%| F|  |TAMS 0x000000074a000000, 0x000000074a000000| Untracked 
| 161|0x000000074a100000, 0x000000074a100000, 0x000000074a200000|  0%| F|  |TAMS 0x000000074a100000, 0x000000074a100000| Untracked 
| 162|0x000000074a200000, 0x000000074a200000, 0x000000074a300000|  0%| F|  |TAMS 0x000000074a200000, 0x000000074a200000| Untracked 
| 163|0x000000074a300000, 0x000000074a300000, 0x000000074a400000|  0%| F|  |TAMS 0x000000074a300000, 0x000000074a300000| Untracked 
| 164|0x000000074a400000, 0x000000074a400000, 0x000000074a500000|  0%| F|  |TAMS 0x000000074a400000, 0x000000074a400000| Untracked 
| 165|0x000000074a500000, 0x000000074a500000, 0x000000074a600000|  0%| F|  |TAMS 0x000000074a500000, 0x000000074a500000| Untracked 
| 166|0x000000074a600000, 0x000000074a600000, 0x000000074a700000|  0%| F|  |TAMS 0x000000074a600000, 0x000000074a600000| Untracked 
| 167|0x000000074a700000, 0x000000074a700000, 0x000000074a800000|  0%| F|  |TAMS 0x000000074a700000, 0x000000074a700000| Untracked 
| 168|0x000000074a800000, 0x000000074a800000, 0x000000074a900000|  0%| F|  |TAMS 0x000000074a800000, 0x000000074a800000| Untracked 
| 169|0x000000074a900000, 0x000000074a900000, 0x000000074aa00000|  0%| F|  |TAMS 0x000000074a900000, 0x000000074a900000| Untracked 
| 170|0x000000074aa00000, 0x000000074aa00000, 0x000000074ab00000|  0%| F|  |TAMS 0x000000074aa00000, 0x000000074aa00000| Untracked 
| 171|0x000000074ab00000, 0x000000074ab00000, 0x000000074ac00000|  0%| F|  |TAMS 0x000000074ab00000, 0x000000074ab00000| Untracked 
| 172|0x000000074ac00000, 0x000000074ac00000, 0x000000074ad00000|  0%| F|  |TAMS 0x000000074ac00000, 0x000000074ac00000| Untracked 
| 173|0x000000074ad00000, 0x000000074ad00000, 0x000000074ae00000|  0%| F|  |TAMS 0x000000074ad00000, 0x000000074ad00000| Untracked 
| 174|0x000000074ae00000, 0x000000074ae00000, 0x000000074af00000|  0%| F|  |TAMS 0x000000074ae00000, 0x000000074ae00000| Untracked 
| 175|0x000000074af00000, 0x000000074af00000, 0x000000074b000000|  0%| F|  |TAMS 0x000000074af00000, 0x000000074af00000| Untracked 
| 176|0x000000074b000000, 0x000000074b000000, 0x000000074b100000|  0%| F|  |TAMS 0x000000074b000000, 0x000000074b000000| Untracked 
| 177|0x000000074b100000, 0x000000074b100000, 0x000000074b200000|  0%| F|  |TAMS 0x000000074b100000, 0x000000074b100000| Untracked 
| 178|0x000000074b200000, 0x000000074b200000, 0x000000074b300000|  0%| F|  |TAMS 0x000000074b200000, 0x000000074b200000| Untracked 
| 179|0x000000074b300000, 0x000000074b300000, 0x000000074b400000|  0%| F|  |TAMS 0x000000074b300000, 0x000000074b300000| Untracked 
| 180|0x000000074b400000, 0x000000074b400000, 0x000000074b500000|  0%| F|  |TAMS 0x000000074b400000, 0x000000074b400000| Untracked 
| 181|0x000000074b500000, 0x000000074b500000, 0x000000074b600000|  0%| F|  |TAMS 0x000000074b500000, 0x000000074b500000| Untracked 
| 182|0x000000074b600000, 0x000000074b600000, 0x000000074b700000|  0%| F|  |TAMS 0x000000074b600000, 0x000000074b600000| Untracked 
| 183|0x000000074b700000, 0x000000074b700000, 0x000000074b800000|  0%| F|  |TAMS 0x000000074b700000, 0x000000074b700000| Untracked 
| 184|0x000000074b800000, 0x000000074b800000, 0x000000074b900000|  0%| F|  |TAMS 0x000000074b800000, 0x000000074b800000| Untracked 
| 185|0x000000074b900000, 0x000000074b900000, 0x000000074ba00000|  0%| F|  |TAMS 0x000000074b900000, 0x000000074b900000| Untracked 
| 186|0x000000074ba00000, 0x000000074ba00000, 0x000000074bb00000|  0%| F|  |TAMS 0x000000074ba00000, 0x000000074ba00000| Untracked 
| 187|0x000000074bb00000, 0x000000074bb00000, 0x000000074bc00000|  0%| F|  |TAMS 0x000000074bb00000, 0x000000074bb00000| Untracked 
| 188|0x000000074bc00000, 0x000000074bc00000, 0x000000074bd00000|  0%| F|  |TAMS 0x000000074bc00000, 0x000000074bc00000| Untracked 
| 189|0x000000074bd00000, 0x000000074bd00000, 0x000000074be00000|  0%| F|  |TAMS 0x000000074bd00000, 0x000000074bd00000| Untracked 
| 190|0x000000074be00000, 0x000000074be00000, 0x000000074bf00000|  0%| F|  |TAMS 0x000000074be00000, 0x000000074be00000| Untracked 
| 191|0x000000074bf00000, 0x000000074bf00000, 0x000000074c000000|  0%| F|  |TAMS 0x000000074bf00000, 0x000000074bf00000| Untracked 
| 192|0x000000074c000000, 0x000000074c000000, 0x000000074c100000|  0%| F|  |TAMS 0x000000074c000000, 0x000000074c000000| Untracked 
| 193|0x000000074c100000, 0x000000074c100000, 0x000000074c200000|  0%| F|  |TAMS 0x000000074c100000, 0x000000074c100000| Untracked 
| 194|0x000000074c200000, 0x000000074c200000, 0x000000074c300000|  0%| F|  |TAMS 0x000000074c200000, 0x000000074c200000| Untracked 
| 195|0x000000074c300000, 0x000000074c300000, 0x000000074c400000|  0%| F|  |TAMS 0x000000074c300000, 0x000000074c300000| Untracked 
| 196|0x000000074c400000, 0x000000074c400000, 0x000000074c500000|  0%| F|  |TAMS 0x000000074c400000, 0x000000074c400000| Untracked 
| 197|0x000000074c500000, 0x000000074c500000, 0x000000074c600000|  0%| F|  |TAMS 0x000000074c500000, 0x000000074c500000| Untracked 
| 198|0x000000074c600000, 0x000000074c61eb70, 0x000000074c700000| 11%| E|  |TAMS 0x000000074c600000, 0x000000074c600000| Complete 
| 199|0x000000074c700000, 0x000000074c800000, 0x000000074c800000|100%| E|CS|TAMS 0x000000074c700000, 0x000000074c700000| Complete 
| 200|0x000000074c800000, 0x000000074c900000, 0x000000074c900000|100%| E|CS|TAMS 0x000000074c800000, 0x000000074c800000| Complete 
| 201|0x000000074c900000, 0x000000074ca00000, 0x000000074ca00000|100%| E|CS|TAMS 0x000000074c900000, 0x000000074c900000| Complete 
| 202|0x000000074ca00000, 0x000000074cb00000, 0x000000074cb00000|100%| E|CS|TAMS 0x000000074ca00000, 0x000000074ca00000| Complete 
| 203|0x000000074cb00000, 0x000000074cc00000, 0x000000074cc00000|100%| E|CS|TAMS 0x000000074cb00000, 0x000000074cb00000| Complete 
| 204|0x000000074cc00000, 0x000000074cd00000, 0x000000074cd00000|100%| E|CS|TAMS 0x000000074cc00000, 0x000000074cc00000| Complete 
| 205|0x000000074cd00000, 0x000000074ce00000, 0x000000074ce00000|100%| E|CS|TAMS 0x000000074cd00000, 0x000000074cd00000| Complete 
| 206|0x000000074ce00000, 0x000000074cf00000, 0x000000074cf00000|100%| E|CS|TAMS 0x000000074ce00000, 0x000000074ce00000| Complete 
| 207|0x000000074cf00000, 0x000000074d000000, 0x000000074d000000|100%| E|CS|TAMS 0x000000074cf00000, 0x000000074cf00000| Complete 
| 208|0x000000074d000000, 0x000000074d100000, 0x000000074d100000|100%| E|CS|TAMS 0x000000074d000000, 0x000000074d000000| Complete 
| 209|0x000000074d100000, 0x000000074d200000, 0x000000074d200000|100%| E|CS|TAMS 0x000000074d100000, 0x000000074d100000| Complete 
| 210|0x000000074d200000, 0x000000074d300000, 0x000000074d300000|100%| E|CS|TAMS 0x000000074d200000, 0x000000074d200000| Complete 
| 211|0x000000074d300000, 0x000000074d400000, 0x000000074d400000|100%| E|CS|TAMS 0x000000074d300000, 0x000000074d300000| Complete 
| 212|0x000000074d400000, 0x000000074d500000, 0x000000074d500000|100%| E|CS|TAMS 0x000000074d400000, 0x000000074d400000| Complete 
| 213|0x000000074d500000, 0x000000074d600000, 0x000000074d600000|100%| E|CS|TAMS 0x000000074d500000, 0x000000074d500000| Complete 
| 214|0x000000074d600000, 0x000000074d700000, 0x000000074d700000|100%| E|CS|TAMS 0x000000074d600000, 0x000000074d600000| Complete 
| 215|0x000000074d700000, 0x000000074d800000, 0x000000074d800000|100%| E|CS|TAMS 0x000000074d700000, 0x000000074d700000| Complete 
| 216|0x000000074d800000, 0x000000074d900000, 0x000000074d900000|100%| E|CS|TAMS 0x000000074d800000, 0x000000074d800000| Complete 
| 217|0x000000074d900000, 0x000000074da00000, 0x000000074da00000|100%| E|CS|TAMS 0x000000074d900000, 0x000000074d900000| Complete 
| 218|0x000000074da00000, 0x000000074db00000, 0x000000074db00000|100%| E|CS|TAMS 0x000000074da00000, 0x000000074da00000| Complete 
| 219|0x000000074db00000, 0x000000074dc00000, 0x000000074dc00000|100%| E|CS|TAMS 0x000000074db00000, 0x000000074db00000| Complete 
| 220|0x000000074dc00000, 0x000000074dd00000, 0x000000074dd00000|100%| E|CS|TAMS 0x000000074dc00000, 0x000000074dc00000| Complete 
| 221|0x000000074dd00000, 0x000000074de00000, 0x000000074de00000|100%| E|CS|TAMS 0x000000074dd00000, 0x000000074dd00000| Complete 
| 222|0x000000074de00000, 0x000000074df00000, 0x000000074df00000|100%| E|CS|TAMS 0x000000074de00000, 0x000000074de00000| Complete 
| 223|0x000000074df00000, 0x000000074e000000, 0x000000074e000000|100%| E|CS|TAMS 0x000000074df00000, 0x000000074df00000| Complete 
| 224|0x000000074e000000, 0x000000074e100000, 0x000000074e100000|100%| E|CS|TAMS 0x000000074e000000, 0x000000074e000000| Complete 
| 225|0x000000074e100000, 0x000000074e200000, 0x000000074e200000|100%| E|CS|TAMS 0x000000074e100000, 0x000000074e100000| Complete 
| 226|0x000000074e200000, 0x000000074e300000, 0x000000074e300000|100%| E|CS|TAMS 0x000000074e200000, 0x000000074e200000| Complete 
| 227|0x000000074e300000, 0x000000074e400000, 0x000000074e400000|100%| E|CS|TAMS 0x000000074e300000, 0x000000074e300000| Complete 
| 228|0x000000074e400000, 0x000000074e500000, 0x000000074e500000|100%| E|CS|TAMS 0x000000074e400000, 0x000000074e400000| Complete 
| 229|0x000000074e500000, 0x000000074e600000, 0x000000074e600000|100%| E|CS|TAMS 0x000000074e500000, 0x000000074e500000| Complete 
| 230|0x000000074e600000, 0x000000074e700000, 0x000000074e700000|100%| E|CS|TAMS 0x000000074e600000, 0x000000074e600000| Complete 
| 231|0x000000074e700000, 0x000000074e800000, 0x000000074e800000|100%| E|CS|TAMS 0x000000074e700000, 0x000000074e700000| Complete 
| 232|0x000000074e800000, 0x000000074e900000, 0x000000074e900000|100%| E|CS|TAMS 0x000000074e800000, 0x000000074e800000| Complete 
| 233|0x000000074e900000, 0x000000074ea00000, 0x000000074ea00000|100%| E|CS|TAMS 0x000000074e900000, 0x000000074e900000| Complete 
| 234|0x000000074ea00000, 0x000000074eb00000, 0x000000074eb00000|100%| E|CS|TAMS 0x000000074ea00000, 0x000000074ea00000| Complete 
| 235|0x000000074eb00000, 0x000000074ec00000, 0x000000074ec00000|100%| E|CS|TAMS 0x000000074eb00000, 0x000000074eb00000| Complete 
| 236|0x000000074ec00000, 0x000000074ed00000, 0x000000074ed00000|100%| E|CS|TAMS 0x000000074ec00000, 0x000000074ec00000| Complete 
| 237|0x000000074ed00000, 0x000000074ee00000, 0x000000074ee00000|100%| E|CS|TAMS 0x000000074ed00000, 0x000000074ed00000| Complete 
| 238|0x000000074ee00000, 0x000000074ef00000, 0x000000074ef00000|100%| E|CS|TAMS 0x000000074ee00000, 0x000000074ee00000| Complete 
| 239|0x000000074ef00000, 0x000000074f000000, 0x000000074f000000|100%| E|CS|TAMS 0x000000074ef00000, 0x000000074ef00000| Complete 
| 240|0x000000074f000000, 0x000000074f100000, 0x000000074f100000|100%| E|CS|TAMS 0x000000074f000000, 0x000000074f000000| Complete 
| 241|0x000000074f100000, 0x000000074f200000, 0x000000074f200000|100%| E|CS|TAMS 0x000000074f100000, 0x000000074f100000| Complete 
| 242|0x000000074f200000, 0x000000074f300000, 0x000000074f300000|100%| E|CS|TAMS 0x000000074f200000, 0x000000074f200000| Complete 
| 243|0x000000074f300000, 0x000000074f400000, 0x000000074f400000|100%| E|CS|TAMS 0x000000074f300000, 0x000000074f300000| Complete 
| 244|0x000000074f400000, 0x000000074f500000, 0x000000074f500000|100%| E|CS|TAMS 0x000000074f400000, 0x000000074f400000| Complete 
| 245|0x000000074f500000, 0x000000074f600000, 0x000000074f600000|100%| E|CS|TAMS 0x000000074f500000, 0x000000074f500000| Complete 
| 246|0x000000074f600000, 0x000000074f700000, 0x000000074f700000|100%| E|CS|TAMS 0x000000074f600000, 0x000000074f600000| Complete 
| 247|0x000000074f700000, 0x000000074f800000, 0x000000074f800000|100%| E|CS|TAMS 0x000000074f700000, 0x000000074f700000| Complete 
| 248|0x000000074f800000, 0x000000074f900000, 0x000000074f900000|100%| E|CS|TAMS 0x000000074f800000, 0x000000074f800000| Complete 
| 249|0x000000074f900000, 0x000000074fa00000, 0x000000074fa00000|100%| E|CS|TAMS 0x000000074f900000, 0x000000074f900000| Complete 
| 250|0x000000074fa00000, 0x000000074fb00000, 0x000000074fb00000|100%| E|CS|TAMS 0x000000074fa00000, 0x000000074fa00000| Complete 
| 251|0x000000074fb00000, 0x000000074fc00000, 0x000000074fc00000|100%| E|CS|TAMS 0x000000074fb00000, 0x000000074fb00000| Complete 
| 252|0x000000074fc00000, 0x000000074fd00000, 0x000000074fd00000|100%| E|CS|TAMS 0x000000074fc00000, 0x000000074fc00000| Complete 
| 253|0x000000074fd00000, 0x000000074fe00000, 0x000000074fe00000|100%| E|CS|TAMS 0x000000074fd00000, 0x000000074fd00000| Complete 
| 254|0x000000074fe00000, 0x000000074fee11b8, 0x000000074ff00000| 87%| S|CS|TAMS 0x000000074fe00000, 0x000000074fe00000| Complete 
| 255|0x000000074ff00000, 0x0000000750000000, 0x0000000750000000|100%| E|CS|TAMS 0x000000074ff00000, 0x000000074ff00000| Complete 

Card table byte_map: [0x000001a759240000,0x000001a759840000] _byte_map_base: 0x000001a755840000

Marking Bits (Prev, Next): (CMBitMap*) 0x000001a75c4f6a70, (CMBitMap*) 0x000001a75c4f6a38
 Prev Bits: [0x000001a776fc0000, 0x000001a779fc0000)
 Next Bits: [0x000001a773fc0000, 0x000001a776fc0000)

Polling page: 0x000001a755180000

Metaspace:

Usage:
  Non-class:     52.89 MB capacity,    52.17 MB ( 99%) used,   571.95 KB (  1%) free+waste,   168.81 KB ( <1%) overhead. 
      Class:      7.91 MB capacity,     7.35 MB ( 93%) used,   492.61 KB (  6%) free+waste,    80.31 KB ( <1%) overhead. 
       Both:     60.80 MB capacity,    59.52 MB ( 98%) used,     1.04 MB (  2%) free+waste,   249.13 KB ( <1%) overhead. 

Virtual space:
  Non-class space:       54.00 MB reserved,      52.92 MB ( 98%) committed 
      Class space:        1.00 GB reserved,       8.00 MB ( <1%) committed 
             Both:        1.05 GB reserved,      60.92 MB (  6%) committed 

Chunk freelists:
   Non-Class:  29.00 KB
       Class:  0 bytes
        Both:  29.00 KB

MaxMetaspaceSize: 17179869184.00 GB
CompressedClassSpaceSize: 1.00 GB

CodeHeap 'non-profiled nmethods': size=120000Kb used=5913Kb max_used=5913Kb free=114086Kb
 bounds [0x000001a76ca90000, 0x000001a76d060000, 0x000001a773fc0000]
CodeHeap 'profiled nmethods': size=120000Kb used=23722Kb max_used=23722Kb free=96277Kb
 bounds [0x000001a765560000, 0x000001a766c90000, 0x000001a76ca90000]
CodeHeap 'non-nmethods': size=5760Kb used=1479Kb max_used=1540Kb free=4280Kb
 bounds [0x000001a764fc0000, 0x000001a765230000, 0x000001a765560000]
 total_blobs=9969 nmethods=9006 adapters=870
 compilation: enabled
              stopped_count=0, restarted_count=0
 full_count=0

Compilation events (20 events):
Event: 30.444 Thread 0x000001a75c7c4800 9032       3       java.awt.Component::getAccessControlContext (22 bytes)
Event: 30.444 Thread 0x000001a75c7c4800 nmethod 9032 0x000001a766c85590 code [0x000001a766c85760, 0x000001a766c85988]
Event: 30.444 Thread 0x000001a75c7c4800 9033       3       de.javasoft.plaf.synthetica.painter.UIKey::get (33 bytes)
Event: 30.445 Thread 0x000001a75c7c4800 nmethod 9033 0x000001a766c85a90 code [0x000001a766c85d60, 0x000001a766c86ab8]
Event: 30.493 Thread 0x000001a75c7c4800 9034   !   3       java.util.concurrent.locks.AbstractQueuedSynchronizer::fullyRelease (31 bytes)
Event: 30.493 Thread 0x000001a75c7c4800 nmethod 9034 0x000001a766c86f90 code [0x000001a766c87180, 0x000001a766c87648]
Event: 30.494 Thread 0x000001a75c7c4800 9035       1       java.util.IdentityHashMap::size (5 bytes)
Event: 30.494 Thread 0x000001a75c7c4800 nmethod 9035 0x000001a76d055110 code [0x000001a76d0552c0, 0x000001a76d055378]
Event: 30.593 Thread 0x000001a75c7c4800 9038   !   3       java.awt.event.InvocationEvent::finishedDispatching (53 bytes)
Event: 30.593 Thread 0x000001a75c7c4800 nmethod 9038 0x000001a766c87890 code [0x000001a766c87a60, 0x000001a766c87ed8]
Event: 30.608 Thread 0x000001a75c7c4800 9039       3       javax.swing.JComponent::getGraphics (33 bytes)
Event: 30.609 Thread 0x000001a75c7c4800 nmethod 9039 0x000001a766c88090 code [0x000001a766c88280, 0x000001a766c88618]
Event: 30.643 Thread 0x000001a75c7c4800 9040       3       java.util.concurrent.TimeUnit::toNanos (45 bytes)
Event: 30.643 Thread 0x000001a75c7c4800 nmethod 9040 0x000001a766c88790 code [0x000001a766c88940, 0x000001a766c88b58]
Event: 30.692 Thread 0x000001a75c7c4800 9041       3       java.util.concurrent.locks.AbstractQueuedSynchronizer::unparkSuccessor (84 bytes)
Event: 30.693 Thread 0x000001a75c7c3000 9042       4       sun.awt.image.PixelConverter$Xrgb::rgbToPixel (2 bytes)
Event: 30.693 Thread 0x000001a75c7c3000 nmethod 9042 0x000001a76d055c10 code [0x000001a76d055da0, 0x000001a76d055df8]
Event: 30.693 Thread 0x000001a75c7c4800 nmethod 9041 0x000001a766c88c10 code [0x000001a766c88e80, 0x000001a766c89898]
Event: 30.744 Thread 0x000001a75c7c4800 9043       1       de.javasoft.plaf.synthetica.painter.AnimationThreadFactory$AnimationThread$ComponentAnimation::access$3 (6 bytes)
Event: 30.744 Thread 0x000001a75c7c4800 nmethod 9043 0x000001a76d055e90 code [0x000001a76d056040, 0x000001a76d056138]

GC Heap History (20 events):
Event: 12.845 GC heap before
{Heap before GC invocations=1 (full 0):
 garbage-first heap   total 262144K, used 71749K [0x0000000740000000, 0x0000000800000000)
  region size 1024K, 60 young (61440K), 8 survivors (8192K)
 Metaspace       used 20587K, capacity 21122K, committed 21296K, reserved 1069056K
  class space    used 1818K, capacity 2071K, committed 2176K, reserved 1048576K
}
Event: 12.859 GC heap after
{Heap after GC invocations=2 (full 0):
 garbage-first heap   total 262144K, used 21951K [0x0000000740000000, 0x0000000800000000)
  region size 1024K, 4 young (4096K), 4 survivors (4096K)
 Metaspace       used 20587K, capacity 21122K, committed 21296K, reserved 1069056K
  class space    used 1818K, capacity 2071K, committed 2176K, reserved 1048576K
}
Event: 12.900 GC heap before
{Heap before GC invocations=2 (full 0):
 garbage-first heap   total 262144K, used 23999K [0x0000000740000000, 0x0000000800000000)
  region size 1024K, 7 young (7168K), 4 survivors (4096K)
 Metaspace       used 20631K, capacity 21122K, committed 21296K, reserved 1069056K
  class space    used 1821K, capacity 2071K, committed 2176K, reserved 1048576K
}
Event: 12.904 GC heap after
{Heap after GC invocations=3 (full 0):
 garbage-first heap   total 262144K, used 22052K [0x0000000740000000, 0x0000000800000000)
  region size 1024K, 4 young (4096K), 4 survivors (4096K)
 Metaspace       used 20631K, capacity 21122K, committed 21296K, reserved 1069056K
  class space    used 1821K, capacity 2071K, committed 2176K, reserved 1048576K
}
Event: 14.999 GC heap before
{Heap before GC invocations=4 (full 0):
 garbage-first heap   total 262144K, used 80420K [0x0000000740000000, 0x0000000800000000)
  region size 1024K, 60 young (61440K), 4 survivors (4096K)
 Metaspace       used 27818K, capacity 28433K, committed 28592K, reserved 1075200K
  class space    used 2736K, capacity 2993K, committed 3072K, reserved 1048576K
}
Event: 15.003 GC heap after
{Heap after GC invocations=5 (full 0):
 garbage-first heap   total 262144K, used 26834K [0x0000000740000000, 0x0000000800000000)
  region size 1024K, 8 young (8192K), 8 survivors (8192K)
 Metaspace       used 27818K, capacity 28433K, committed 28592K, reserved 1075200K
  class space    used 2736K, capacity 2993K, committed 3072K, reserved 1048576K
}
Event: 16.178 GC heap before
{Heap before GC invocations=5 (full 0):
 garbage-first heap   total 262144K, used 83154K [0x0000000740000000, 0x0000000800000000)
  region size 1024K, 60 young (61440K), 8 survivors (8192K)
 Metaspace       used 32126K, capacity 32763K, committed 32944K, reserved 1079296K
  class space    used 3250K, capacity 3536K, committed 3584K, reserved 1048576K
}
Event: 16.183 GC heap after
{Heap after GC invocations=6 (full 0):
 garbage-first heap   total 262144K, used 33449K [0x0000000740000000, 0x0000000800000000)
  region size 1024K, 4 young (4096K), 4 survivors (4096K)
 Metaspace       used 32126K, capacity 32763K, committed 32944K, reserved 1079296K
  class space    used 3250K, capacity 3536K, committed 3584K, reserved 1048576K
}
Event: 16.621 GC heap before
{Heap before GC invocations=6 (full 0):
 garbage-first heap   total 262144K, used 79529K [0x0000000740000000, 0x0000000800000000)
  region size 1024K, 50 young (51200K), 4 survivors (4096K)
 Metaspace       used 35001K, capacity 35658K, committed 35888K, reserved 1081344K
  class space    used 3689K, capacity 3966K, committed 3968K, reserved 1048576K
}
Event: 16.625 GC heap after
{Heap after GC invocations=7 (full 0):
 garbage-first heap   total 262144K, used 31834K [0x0000000740000000, 0x0000000800000000)
  region size 1024K, 4 young (4096K), 4 survivors (4096K)
 Metaspace       used 35001K, capacity 35658K, committed 35888K, reserved 1081344K
  class space    used 3689K, capacity 3966K, committed 3968K, reserved 1048576K
}
Event: 21.994 GC heap before
{Heap before GC invocations=8 (full 0):
 garbage-first heap   total 262144K, used 89178K [0x0000000740000000, 0x0000000800000000)
  region size 1024K, 60 young (61440K), 4 survivors (4096K)
 Metaspace       used 45491K, capacity 46330K, committed 46640K, reserved 1091584K
  class space    used 5099K, capacity 5498K, committed 5504K, reserved 1048576K
}
Event: 22.000 GC heap after
{Heap after GC invocations=9 (full 0):
 garbage-first heap   total 262144K, used 37222K [0x0000000740000000, 0x0000000800000000)
  region size 1024K, 8 young (8192K), 8 survivors (8192K)
 Metaspace       used 45491K, capacity 46330K, committed 46640K, reserved 1091584K
  class space    used 5099K, capacity 5498K, committed 5504K, reserved 1048576K
}
Event: 23.631 GC heap before
{Heap before GC invocations=9 (full 0):
 garbage-first heap   total 262144K, used 90470K [0x0000000740000000, 0x0000000800000000)
  region size 1024K, 60 young (61440K), 8 survivors (8192K)
 Metaspace       used 51041K, capacity 51987K, committed 52144K, reserved 1095680K
  class space    used 5881K, capacity 6324K, committed 6400K, reserved 1048576K
}
Event: 23.640 GC heap after
{Heap after GC invocations=10 (full 0):
 garbage-first heap   total 262144K, used 45987K [0x0000000740000000, 0x0000000800000000)
  region size 1024K, 8 young (8192K), 8 survivors (8192K)
 Metaspace       used 51041K, capacity 51987K, committed 52144K, reserved 1095680K
  class space    used 5881K, capacity 6324K, committed 6400K, reserved 1048576K
}
Event: 24.458 GC heap before
{Heap before GC invocations=10 (full 0):
 garbage-first heap   total 262144K, used 99235K [0x0000000740000000, 0x0000000800000000)
  region size 1024K, 60 young (61440K), 8 survivors (8192K)
 Metaspace       used 52323K, capacity 53309K, committed 53552K, reserved 1095680K
  class space    used 6085K, capacity 6518K, committed 6528K, reserved 1048576K
}
Event: 24.464 GC heap after
{Heap after GC invocations=11 (full 0):
 garbage-first heap   total 262144K, used 47918K [0x0000000740000000, 0x0000000800000000)
  region size 1024K, 5 young (5120K), 5 survivors (5120K)
 Metaspace       used 52323K, capacity 53309K, committed 53552K, reserved 1095680K
  class space    used 6085K, capacity 6518K, committed 6528K, reserved 1048576K
}
Event: 27.136 GC heap before
{Heap before GC invocations=11 (full 0):
 garbage-first heap   total 262144K, used 111406K [0x0000000740000000, 0x0000000800000000)
  region size 1024K, 60 young (61440K), 5 survivors (5120K)
 Metaspace       used 58674K, capacity 59836K, committed 59952K, reserved 1101824K
  class space    used 7224K, capacity 7757K, committed 7808K, reserved 1048576K
}
Event: 27.145 GC heap after
{Heap after GC invocations=12 (full 0):
 garbage-first heap   total 262144K, used 64317K [0x0000000740000000, 0x0000000800000000)
  region size 1024K, 8 young (8192K), 8 survivors (8192K)
 Metaspace       used 58674K, capacity 59836K, committed 59952K, reserved 1101824K
  class space    used 7224K, capacity 7757K, committed 7808K, reserved 1048576K
}
Event: 27.191 GC heap before
{Heap before GC invocations=12 (full 0):
 garbage-first heap   total 262144K, used 64317K [0x0000000740000000, 0x0000000800000000)
  region size 1024K, 9 young (9216K), 8 survivors (8192K)
 Metaspace       used 58727K, capacity 59900K, committed 59952K, reserved 1101824K
  class space    used 7225K, capacity 7757K, committed 7808K, reserved 1048576K
}
Event: 27.198 GC heap after
{Heap after GC invocations=13 (full 0):
 garbage-first heap   total 262144K, used 65160K [0x0000000740000000, 0x0000000800000000)
  region size 1024K, 1 young (1024K), 1 survivors (1024K)
 Metaspace       used 58727K, capacity 59900K, committed 59952K, reserved 1101824K
  class space    used 7225K, capacity 7757K, committed 7808K, reserved 1048576K
}

Deoptimization events (20 events):
Event: 28.835 Thread 0x000001a77f0b9000 DEOPT PACKING pc=0x000001a7662c2560 sp=0x000000938e8f5720
Event: 28.835 Thread 0x000001a77f0b9000 DEOPT UNPACKING pc=0x000001a764fe705e sp=0x000000938e8f4bb0 mode 0
Event: 28.836 Thread 0x000001a77f0b9000 DEOPT PACKING pc=0x000001a7663dc5f9 sp=0x000000938e8f54c0
Event: 28.836 Thread 0x000001a77f0b9000 DEOPT UNPACKING pc=0x000001a764fe705e sp=0x000000938e8f4938 mode 0
Event: 28.842 Thread 0x000001a77f0b9000 DEOPT PACKING pc=0x000001a7662c2560 sp=0x000000938e8f5720
Event: 28.842 Thread 0x000001a77f0b9000 DEOPT UNPACKING pc=0x000001a764fe705e sp=0x000000938e8f4bb0 mode 0
Event: 28.843 Thread 0x000001a77f0b9000 DEOPT PACKING pc=0x000001a7663dc5f9 sp=0x000000938e8f54c0
Event: 28.843 Thread 0x000001a77f0b9000 DEOPT UNPACKING pc=0x000001a764fe705e sp=0x000000938e8f4938 mode 0
Event: 28.843 Thread 0x000001a77f0b9000 DEOPT PACKING pc=0x000001a7663dc5f9 sp=0x000000938e8f54c0
Event: 28.843 Thread 0x000001a77f0b9000 DEOPT UNPACKING pc=0x000001a764fe705e sp=0x000000938e8f4938 mode 0
Event: 28.852 Thread 0x000001a77f0b9000 DEOPT PACKING pc=0x000001a7662c2560 sp=0x000000938e8f5800
Event: 28.852 Thread 0x000001a77f0b9000 DEOPT UNPACKING pc=0x000001a764fe705e sp=0x000000938e8f4c90 mode 0
Event: 28.853 Thread 0x000001a77f0b9000 DEOPT PACKING pc=0x000001a7663dc5f9 sp=0x000000938e8f5590
Event: 28.853 Thread 0x000001a77f0b9000 DEOPT UNPACKING pc=0x000001a764fe705e sp=0x000000938e8f4a08 mode 0
Event: 29.432 Thread 0x000001a77f0b9000 Uncommon trap: trap_request=0xffffff4d fr.pc=0x000001a76cfb2ae8 relative=0x0000000000000388
Event: 29.432 Thread 0x000001a77f0b9000 Uncommon trap: reason=unstable_if action=reinterpret pc=0x000001a76cfb2ae8 method=java.util.concurrent.locks.ReentrantLock$Sync.nonfairTryAcquire(I)Z @ 34 c2
Event: 29.432 Thread 0x000001a77f0b9000 DEOPT PACKING pc=0x000001a76cfb2ae8 sp=0x000000938e8f0ea0
Event: 29.432 Thread 0x000001a77f0b9000 DEOPT UNPACKING pc=0x000001a764fe68af sp=0x000000938e8f0ca0 mode 2
Event: 29.637 Thread 0x000001a77f0b9000 DEOPT PACKING pc=0x000001a765ec27ea sp=0x000000938e8f55b0
Event: 29.637 Thread 0x000001a77f0b9000 DEOPT UNPACKING pc=0x000001a764fe705e sp=0x000000938e8f4a90 mode 0

Classes redefined (0 events):
No events

Internal exceptions (20 events):
Event: 27.035 Thread 0x000001a77f0b9000 Exception <a 'java/lang/NoSuchMethodError'{0x000000074cb95698}: 'java.lang.Object java.lang.invoke.DirectMethodHandle$Holder.invokeSpecial(java.lang.Object, java.lang.Object, java.lang.Object, int, int, int)'> (0x000000074cb95698) thrown at [./src/hotspot/share/interpreter/linkResolver.cpp, line 773]
Event: 27.035 Thread 0x000001a77f0b9000 Exception <a 'java/lang/NoSuchMethodError'{0x000000074cb98ac8}: 'java.lang.Object java.lang.invoke.Invokers$Holder.linkToTargetMethod(java.lang.Object, int, int, int, java.lang.Object)'> (0x000000074cb98ac8) thrown at [./src/hotspot/share/interpreter/linkResolver.cpp, line 773]
Event: 27.039 Thread 0x000001a77f0b9000 Exception <a 'java/lang/NoSuchMethodError'{0x000000074ca178b8}: 'java.lang.Object java.lang.invoke.DelegatingMethodHandle$Holder.reinvoke_L(java.lang.Object, java.lang.Object, int, int, java.lang.Object, int, int, int, java.lang.Object, java.lang.Object, int, int)'> (0x000000074ca178b8) thrown at [./src/hotspot/share/interpreter/linkResolver.cpp, line 773]
Event: 27.041 Thread 0x000001a77f0b9000 Exception <a 'java/lang/NoSuchMethodError'{0x000000074ca7ae40}: 'java.lang.Object java.lang.invoke.DirectMethodHandle$Holder.invokeSpecial(java.lang.Object, java.lang.Object, int, int, java.lang.Object, int, int, int, java.lang.Object, java.lang.Object, int, int)'> (0x000000074ca7ae40) thrown at [./src/hotspot/share/interpreter/linkResolver.cpp, line 773]
Event: 27.041 Thread 0x000001a77f0b9000 Exception <a 'java/lang/NoSuchMethodError'{0x000000074ca7e788}: 'java.lang.Object java.lang.invoke.DelegatingMethodHandle$Holder.reinvoke_L(java.lang.Object, int, int, java.lang.Object, int, int, int, java.lang.Object, java.lang.Object, int, int)'> (0x000000074ca7e788) thrown at [./src/hotspot/share/interpreter/linkResolver.cpp, line 773]
Event: 27.043 Thread 0x000001a77f0b9000 Exception <a 'java/lang/NoSuchMethodError'{0x000000074cad0ce8}: 'java.lang.Object java.lang.invoke.DelegatingMethodHandle$Holder.reinvoke_L(java.lang.Object, java.lang.Object, int, int, int, java.lang.Object, java.lang.Object, int, int)'> (0x000000074cad0ce8) thrown at [./src/hotspot/share/interpreter/linkResolver.cpp, line 773]
Event: 27.687 Thread 0x000001a77f0b9000 Exception <a 'java/lang/NoSuchMethodError'{0x000000074edc55e0}: 'java.lang.Object java.lang.invoke.DirectMethodHandle$Holder.invokeSpecial(java.lang.Object, java.lang.Object, int, int, int, java.lang.Object, java.lang.Object, java.lang.Object, java.lang.Object)'> (0x000000074edc55e0) thrown at [./src/hotspot/share/interpreter/linkResolver.cpp, line 773]
Event: 27.687 Thread 0x000001a77f0b9000 Exception <a 'java/lang/NoSuchMethodError'{0x000000074edc9040}: 'java.lang.Object java.lang.invoke.DelegatingMethodHandle$Holder.reinvoke_L(java.lang.Object, int, int, int, java.lang.Object, java.lang.Object, java.lang.Object, java.lang.Object)'> (0x000000074edc9040) thrown at [./src/hotspot/share/interpreter/linkResolver.cpp, line 773]
Event: 27.688 Thread 0x000001a77f0b9000 Exception <a 'java/lang/NoSuchMethodError'{0x000000074edea9f0}: 'java.lang.Object java.lang.invoke.DirectMethodHandle$Holder.invokeStatic(java.lang.Object, java.lang.Object, java.lang.Object, java.lang.Object, java.lang.Object, java.lang.Object, java.lang.Object, int)'> (0x000000074edea9f0) thrown at [./src/hotspot/share/interpreter/linkResolver.cpp, line 773]
Event: 27.689 Thread 0x000001a77f0b9000 Exception <a 'java/lang/NoSuchMethodError'{0x000000074ec031d0}: 'java.lang.Object java.lang.invoke.DirectMethodHandle$Holder.invokeStatic(java.lang.Object, java.lang.Object, java.lang.Object, java.lang.Object, java.lang.Object, java.lang.Object, java.lang.Object, int, int)'> (0x000000074ec031d0) thrown at [./src/hotspot/share/interpreter/linkResolver.cpp, line 773]
Event: 27.692 Thread 0x000001a77f0b9000 Exception <a 'java/lang/NoSuchMethodError'{0x000000074ec1cb40}: 'java.lang.Object java.lang.invoke.DirectMethodHandle$Holder.invokeStatic(java.lang.Object, java.lang.Object, java.lang.Object, java.lang.Object, java.lang.Object, java.lang.Object, java.lang.Object, int, int, java.lang.Object)'> (0x000000074ec1cb40) thrown at [./src/hotspot/share/interpreter/linkResolver.cpp, line 773]
Event: 27.693 Thread 0x000001a77f0b9000 Exception <a 'java/lang/NoSuchMethodError'{0x000000074ec37a20}: 'java.lang.Object java.lang.invoke.DirectMethodHandle$Holder.invokeStatic(java.lang.Object, java.lang.Object, java.lang.Object, java.lang.Object, java.lang.Object, java.lang.Object, java.lang.Object, int, int, java.lang.Object, java.lang.Object)'> (0x000000074ec37a20) thrown at [./src/hotspot/share/interpreter/linkResolver.cpp, line 773]
Event: 27.694 Thread 0x000001a77f0b9000 Exception <a 'java/lang/NoSuchMethodError'{0x000000074ec53d00}: 'java.lang.Object java.lang.invoke.DirectMethodHandle$Holder.invokeStatic(java.lang.Object, java.lang.Object, java.lang.Object, java.lang.Object, java.lang.Object, java.lang.Object, java.lang.Object, int, int, java.lang.Object, java.lang.Object, java.lang.Object)'> (0x000000074ec53d00) thrown at [./src/hotspot/share/interpreter/linkResolver.cpp, line 773]
Event: 27.696 Thread 0x000001a77f0b9000 Exception <a 'java/lang/NoSuchMethodError'{0x000000074ec71a30}: 'java.lang.Object java.lang.invoke.DirectMethodHandle$Holder.invokeStatic(java.lang.Object, java.lang.Object, java.lang.Object, java.lang.Object, java.lang.Object, java.lang.Object, java.lang.Object, int, int, java.lang.Object, java.lang.Object, java.lang.Object, java.lang.Object)'> (0x000000074ec71a30) thrown at [./src/hotspot/share/interpreter/linkResolver.cpp, line 773]
Event: 28.590 Thread 0x000001a77f0b9000 Implicit null exception at 0x000001a76ce77321 to 0x000001a76ce775ec
Event: 28.644 Thread 0x000001a7016a2000 Implicit null exception at 0x000001a76ce2f8f6 to 0x000001a76ce2f9c0
Event: 28.648 Thread 0x000001a7016a2000 Exception <a 'java/lang/NoSuchMethodError'{0x000000074e25f4b8}: 'java.lang.Object java.lang.invoke.DirectMethodHandle$Holder.invokeSpecial(java.lang.Object, java.lang.Object, int, int, int, java.lang.Object, java.lang.Object, java.lang.Object)'> (0x000000074e25f4b8) thrown at [./src/hotspot/share/interpreter/linkResolver.cpp, line 773]
Event: 28.648 Thread 0x000001a7016a2000 Exception <a 'java/lang/NoSuchMethodError'{0x000000074e262af8}: 'java.lang.Object java.lang.invoke.DelegatingMethodHandle$Holder.reinvoke_L(java.lang.Object, int, int, int, java.lang.Object, java.lang.Object, java.lang.Object)'> (0x000000074e262af8) thrown at [./src/hotspot/share/interpreter/linkResolver.cpp, line 773]
Event: 28.649 Thread 0x000001a7016a2000 Exception <a 'java/lang/NoSuchMethodError'{0x000000074e283238}: 'java.lang.Object java.lang.invoke.DirectMethodHandle$Holder.invokeStatic(java.lang.Object, java.lang.Object, java.lang.Object, java.lang.Object, java.lang.Object, int, int, java.lang.Object, java.lang.Object)'> (0x000000074e283238) thrown at [./src/hotspot/share/interpreter/linkResolver.cpp, line 773]
Event: 28.650 Thread 0x000001a7016a2000 Exception <a 'java/lang/NoSuchMethodError'{0x000000074e29cea8}: 'java.lang.Object java.lang.invoke.DirectMethodHandle$Holder.invokeStatic(java.lang.Object, java.lang.Object, java.lang.Object, java.lang.Object, java.lang.Object, int, int, java.lang.Object, java.lang.Object, java.lang.Object)'> (0x000000074e29cea8) thrown at [./src/hotspot/share/interpreter/linkResolver.cpp, line 773]

Events (20 events):
Event: 29.003 Executing VM operation: RevokeBias
Event: 29.003 Executing VM operation: RevokeBias done
Event: 29.004 Executing VM operation: RevokeBias
Event: 29.004 Executing VM operation: RevokeBias done
Event: 29.283 loading class ui/views/x/a/t
Event: 29.283 loading class ui/views/x/a/t done
Event: 29.283 loading class ui/views/x/b/V
Event: 29.283 loading class ui/views/x/b/V done
Event: 29.361 loading class java/awt/Container$MouseEventTargetFilter
Event: 29.361 loading class java/awt/Container$EventTargetFilter
Event: 29.361 loading class java/awt/Container$EventTargetFilter done
Event: 29.361 loading class java/awt/Container$MouseEventTargetFilter done
Event: 29.361 loading class java/awt/LightweightDispatcher$1
Event: 29.361 loading class java/awt/LightweightDispatcher$1 done
Event: 29.522 Executing VM operation: ICBufferFull
Event: 29.522 Executing VM operation: ICBufferFull done
Event: 29.805 Thread 0x000001a708816000 Thread exited: 0x000001a708816000
Event: 29.893 Thread 0x000001a700a9a800 Thread exited: 0x000001a700a9a800
Event: 30.452 loading class ui/frmwork/xhub/q
Event: 30.452 loading class ui/frmwork/xhub/q done


Dynamic libraries:
0x00007ff74aad0000 - 0x00007ff74ab01000 	D:\Xilinx_2022.2\Vivado\2022.2\bin\unwrapped\win64.o\vivado.exe
0x00007ffa4cbb0000 - 0x00007ffa4cda8000 	C:\WINDOWS\SYSTEM32\ntdll.dll
0x00007ffa4ace0000 - 0x00007ffa4ad9f000 	C:\WINDOWS\System32\KERNEL32.DLL
0x00007ffa4a500000 - 0x00007ffa4a7d2000 	C:\WINDOWS\System32\KERNELBASE.dll
0x00007ffa4a400000 - 0x00007ffa4a500000 	C:\WINDOWS\System32\ucrtbase.dll
0x00007ffa25a10000 - 0x00007ffa25a9e000 	C:\WINDOWS\SYSTEM32\MSVCP140.dll
0x00007ffa2a200000 - 0x00007ffa2a21b000 	C:\WINDOWS\SYSTEM32\VCRUNTIME140.dll
0x00007ffa26660000 - 0x00007ffa2666c000 	C:\WINDOWS\SYSTEM32\VCRUNTIME140_1.dll
0x00007ffa2b580000 - 0x00007ffa2b598000 	D:\Xilinx_2022.2\Vivado\2022.2\lib\win64.o\librdi_commonmain.dll
0x00007ffa45ab0000 - 0x00007ffa45ab9000 	D:\Xilinx_2022.2\Vivado\2022.2\lib\win64.o\librdi_commonversion.dll
0x00007ffa10100000 - 0x00007ffa10121000 	D:\Xilinx_2022.2\Vivado\2022.2\lib\win64.o\libboost_filesystem.dll
0x00007ffa4bb60000 - 0x00007ffa4bc0e000 	C:\WINDOWS\System32\ADVAPI32.dll
0x00007ffa4c9f0000 - 0x00007ffa4ca8e000 	C:\WINDOWS\System32\msvcrt.dll
0x00007ffa4ba40000 - 0x00007ffa4badc000 	C:\WINDOWS\System32\sechost.dll
0x00007ffa4c8c0000 - 0x00007ffa4c9e5000 	C:\WINDOWS\System32\RPCRT4.dll
0x00007ff9c7520000 - 0x00007ff9c76d5000 	D:\Xilinx_2022.2\Vivado\2022.2\lib\win64.o\librdi_commonxillic.dll
0x00007ffa4be60000 - 0x00007ffa4c001000 	C:\WINDOWS\System32\USER32.dll
0x00007ffa4aa00000 - 0x00007ffa4aa22000 	C:\WINDOWS\System32\win32u.dll
0x00007ffa4abf0000 - 0x00007ffa4ac1b000 	C:\WINDOWS\System32\GDI32.dll
0x00007ffa4a810000 - 0x00007ffa4a91f000 	C:\WINDOWS\System32\gdi32full.dll
0x00007ffa4aa30000 - 0x00007ffa4aacd000 	C:\WINDOWS\System32\msvcp_win.dll
0x00007ffa4b080000 - 0x00007ffa4b0eb000 	C:\WINDOWS\System32\WS2_32.dll
0x00007ffa4a7e0000 - 0x00007ffa4a807000 	C:\WINDOWS\System32\bcrypt.dll
0x0000000059bd0000 - 0x0000000059cfb000 	D:\Xilinx_2022.2\Vivado\2022.2\lib\win64.o\tcl85t.dll
0x00007ff9be880000 - 0x00007ff9beb96000 	D:\Xilinx_2022.2\Vivado\2022.2\lib\win64.o\libXil_lmgr11.dll
0x00007ffa4ca90000 - 0x00007ffa4cb6a000 	C:\WINDOWS\System32\COMDLG32.dll
0x00007ffa4c560000 - 0x00007ffa4c8b5000 	C:\WINDOWS\System32\combase.dll
0x00007ffa4bd30000 - 0x00007ffa4bddd000 	C:\WINDOWS\System32\shcore.dll
0x00007ffa4ac80000 - 0x00007ffa4acd5000 	C:\WINDOWS\System32\SHLWAPI.dll
0x00007ffa4b1c0000 - 0x00007ffa4b904000 	C:\WINDOWS\System32\SHELL32.dll
0x00007ffa4b0f0000 - 0x00007ffa4b1bd000 	C:\WINDOWS\System32\OLEAUT32.dll
0x00007ffa4b910000 - 0x00007ffa4ba3a000 	C:\WINDOWS\System32\ole32.dll
0x00007ffa4aad0000 - 0x00007ffa4ab39000 	C:\WINDOWS\System32\WINTRUST.dll
0x00007ffa4a2a0000 - 0x00007ffa4a3f6000 	C:\WINDOWS\System32\CRYPT32.dll
0x00007ff9c6cc0000 - 0x00007ff9c6dd4000 	D:\Xilinx_2022.2\Vivado\2022.2\lib\win64.o\libboost_regex.dll
0x00007ff9947b0000 - 0x00007ff995be1000 	D:\Xilinx_2022.2\Vivado\2022.2\lib\win64.o\librdi_common.dll
0x00007ffa2ad30000 - 0x00007ffa2ad49000 	C:\WINDOWS\SYSTEM32\NETAPI32.dll
0x00007ffa2d250000 - 0x00007ffa2d300000 	C:\WINDOWS\WinSxS\amd64_microsoft.windows.common-controls_6595b64144ccf1df_5.82.19041.1110_none_792d1c772443f647\COMCTL32.dll
0x00007ffa446a0000 - 0x00007ffa446a9000 	C:\WINDOWS\SYSTEM32\WSOCK32.dll
0x00007ffa43000000 - 0x00007ffa4301d000 	C:\WINDOWS\SYSTEM32\dhcpcsvc.DLL
0x00007ffa4a160000 - 0x00007ffa4a18e000 	C:\WINDOWS\SYSTEM32\USERENV.dll
0x00007ffa2ad70000 - 0x00007ffa2ad81000 	D:\Xilinx_2022.2\Vivado\2022.2\lib\win64.o\libboost_date_time.dll
0x00007ff993830000 - 0x00007ff9947ad200 	D:\Xilinx_2022.2\Vivado\2022.2\lib\win64.o\libisl_iostreams.dll
0x00007ff9ded20000 - 0x00007ff9ded99000 	D:\Xilinx_2022.2\Vivado\2022.2\lib\win64.o\libboost_program_options.dll
0x00007ffa26130000 - 0x00007ffa2614c000 	D:\Xilinx_2022.2\Vivado\2022.2\lib\win64.o\libboost_thread.dll
0x00007ffa36940000 - 0x00007ffa3694c000 	D:\Xilinx_2022.2\Vivado\2022.2\lib\win64.o\libboost_xilinx.dll
0x00007ff9bd390000 - 0x00007ff9bd6fe000 	D:\Xilinx_2022.2\Vivado\2022.2\lib\win64.o\libCOIN-all.dll
0x00007ff9dd150000 - 0x00007ff9dd1d2000 	D:\Xilinx_2022.2\Vivado\2022.2\lib\win64.o\libhdlpsolve.dll
0x00007ffa0c450000 - 0x00007ffa0c47a000 	D:\Xilinx_2022.2\Vivado\2022.2\lib\win64.o\libisl_sysinfo.dll
0x00007ff9c7470000 - 0x00007ff9c7515000 	D:\Xilinx_2022.2\Vivado\2022.2\lib\win64.o\libhdxml.dll
0x00007ffa10030000 - 0x00007ffa1004a000 	D:\Xilinx_2022.2\Vivado\2022.2\lib\win64.o\pthreadVC2.dll
0x00007ffa0b120000 - 0x00007ffa0b13c000 	D:\Xilinx_2022.2\Vivado\2022.2\lib\win64.o\librdiconfig.dll
0x00007ffa2a850000 - 0x00007ffa2ad29000 	C:\WINDOWS\SYSTEM32\WININET.dll
0x00007ffa41dd0000 - 0x00007ffa41edc000 	C:\WINDOWS\SYSTEM32\WINHTTP.dll
0x00007ffa34c30000 - 0x00007ffa34e1d000 	C:\WINDOWS\SYSTEM32\urlmon.dll
0x00007ff9d73f0000 - 0x00007ff9d7455000 	D:\Xilinx_2022.2\Vivado\2022.2\lib\win64.o\liblmx6.0.dll
0x00007ff9fbcc0000 - 0x00007ff9fbcf1000 	C:\WINDOWS\SYSTEM32\VCOMP140.DLL
0x00007ffa0a820000 - 0x00007ffa0a838000 	D:\Xilinx_2022.2\Vivado\2022.2\lib\win64.o\libboost_iostreams.dll
0x00007ffa006e0000 - 0x00007ffa00701000 	D:\Xilinx_2022.2\Vivado\2022.2\lib\win64.o\librdizlib.dll
0x00007ffa34f60000 - 0x00007ffa35211000 	C:\WINDOWS\SYSTEM32\iertutil.dll
0x00007ffa34c00000 - 0x00007ffa34c28000 	C:\WINDOWS\SYSTEM32\srvcli.dll
0x00007ffa49810000 - 0x00007ffa4981c000 	C:\WINDOWS\SYSTEM32\netutils.dll
0x00007ff99f410000 - 0x00007ff99f6d1000 	D:\Xilinx_2022.2\Vivado\2022.2\lib\win64.o\xerces-c_3_2.dll
0x00007ff9ff830000 - 0x00007ff9ff854000 	D:\Xilinx_2022.2\Vivado\2022.2\lib\win64.o\libisl_iosutils.dll
0x00007ff991910000 - 0x00007ff993827000 	D:\Xilinx_2022.2\Vivado\2022.2\lib\win64.o\gurobi90.dll
0x00007ffa4baf0000 - 0x00007ffa4bb46000 	C:\WINDOWS\System32\WLDAP32.dll
0x00007ffa4bae0000 - 0x00007ffa4bae8000 	C:\WINDOWS\System32\Normaliz.dll
0x00007ffa49a60000 - 0x00007ffa49aca000 	C:\WINDOWS\SYSTEM32\MSWSOCK.DLL
0x00007ffa4ada0000 - 0x00007ffa4add2000 	C:\WINDOWS\System32\IMM32.DLL
0x00007ffa49e90000 - 0x00007ffa49ea2000 	C:\WINDOWS\SYSTEM32\MSASN1.dll
0x00007ffa49c50000 - 0x00007ffa49c68000 	C:\WINDOWS\SYSTEM32\CRYPTSP.dll
0x00007ffa49310000 - 0x00007ffa49344000 	C:\WINDOWS\system32\rsaenh.dll
0x00007ffa49c70000 - 0x00007ffa49c7c000 	C:\WINDOWS\SYSTEM32\CRYPTBASE.dll
0x00007ffa4a970000 - 0x00007ffa4a9f2000 	C:\WINDOWS\System32\bcryptPrimitives.dll
0x00007ffa4c540000 - 0x00007ffa4c55d000 	C:\WINDOWS\System32\imagehlp.dll
0x00007ffa48160000 - 0x00007ffa48172000 	C:\WINDOWS\SYSTEM32\kernel.appcore.dll
0x00007ff9913d0000 - 0x00007ff991903000 	D:\Xilinx_2022.2\Vivado\2022.2\lib\win64.o\librdi_commontasks.dll
0x00007ffa3eec0000 - 0x00007ffa3eeca000 	C:\WINDOWS\SYSTEM32\VERSION.dll
0x00007ff990880000 - 0x00007ff9913cd000 	D:\Xilinx_2022.2\Vivado\2022.2\tps\win64\jre11.0.11_9\bin\server\jvm.dll
0x00007ffa4bb50000 - 0x00007ffa4bb58000 	C:\WINDOWS\System32\PSAPI.DLL
0x00007ffa30840000 - 0x00007ffa30867000 	C:\WINDOWS\SYSTEM32\WINMM.dll
0x00007ff990550000 - 0x00007ff990875a00 	D:\Xilinx_2022.2\Vivado\2022.2\lib\win64.o\librdi_sio.dll
0x00007ffa49700000 - 0x00007ffa4973b000 	C:\WINDOWS\SYSTEM32\IPHLPAPI.DLL
0x00007ffa4a190000 - 0x00007ffa4a1c2000 	C:\WINDOWS\SYSTEM32\SspiCli.dll
0x00007ffa10ce0000 - 0x00007ffa10cf7000 	C:\WINDOWS\system32\napinsp.dll
0x00007ffa10cc0000 - 0x00007ffa10cdb000 	C:\WINDOWS\system32\pnrpnsp.dll
0x00007ffa370f0000 - 0x00007ffa37105000 	C:\WINDOWS\system32\wshbth.dll
0x00007ffa45c40000 - 0x00007ffa45c5d000 	C:\WINDOWS\system32\NLAapi.dll
0x00007ffa49740000 - 0x00007ffa4980a000 	C:\WINDOWS\SYSTEM32\DNSAPI.dll
0x00007ffa4c0c0000 - 0x00007ffa4c0c8000 	C:\WINDOWS\System32\NSI.dll
0x00007ffa10ca0000 - 0x00007ffa10cb2000 	C:\WINDOWS\System32\winrnr.dll
0x00007ffa48360000 - 0x00007ffa48af2000 	C:\WINDOWS\SYSTEM32\windows.storage.dll
0x00007ffa49d00000 - 0x00007ffa49d30000 	C:\WINDOWS\SYSTEM32\Wldp.dll
0x00007ff98d820000 - 0x00007ff990545000 	D:\Xilinx_2022.2\Vivado\2022.2\lib\win64.o\librdi_tcltasks.dll
0x00007ff9c6c40000 - 0x00007ff9c6cc0000 	D:\Xilinx_2022.2\Vivado\2022.2\lib\win64.o\librdi_boarddep.dll
0x00007ff9e6d70000 - 0x00007ff9e6db4000 	D:\Xilinx_2022.2\Vivado\2022.2\lib\win64.o\libboost_serialization.dll
0x00007ff98d340000 - 0x00007ff98d81d000 	D:\Xilinx_2022.2\Vivado\2022.2\lib\win64.o\librdi_bitstream.dll
0x00007ff9bd180000 - 0x00007ff9bd382000 	D:\Xilinx_2022.2\Vivado\2022.2\lib\win64.o\librdi_chipscopeimpl.dll
0x00007ff9ba690000 - 0x00007ff9ba873000 	D:\Xilinx_2022.2\Vivado\2022.2\lib\win64.o\librdi_board.dll
0x00007ff9b2b20000 - 0x00007ff9b2c47000 	D:\Xilinx_2022.2\Vivado\2022.2\lib\win64.o\librdi_chipscope.dll
0x00007ff9b10f0000 - 0x00007ff9b1255000 	D:\Xilinx_2022.2\Vivado\2022.2\lib\win64.o\librdi_containers.dll
0x00007ff98b330000 - 0x00007ff98d33d000 	D:\Xilinx_2022.2\Vivado\2022.2\lib\win64.o\librdi_designutils.dll
0x00007ff989100000 - 0x00007ff98b32c000 	D:\Xilinx_2022.2\Vivado\2022.2\lib\win64.o\librdi_constraints.dll
0x00007ff987c10000 - 0x00007ff9890f5000 	D:\Xilinx_2022.2\Vivado\2022.2\lib\win64.o\librdi_device.dll
0x00007ff987880000 - 0x00007ff987c03000 	D:\Xilinx_2022.2\Vivado\2022.2\lib\win64.o\librdi_dlyest.dll
0x00007ff9be2f0000 - 0x00007ff9be3a4000 	D:\Xilinx_2022.2\Vivado\2022.2\lib\win64.o\librdi_dsp.dll
0x00007ff985290000 - 0x00007ff987875000 	D:\Xilinx_2022.2\Vivado\2022.2\lib\win64.o\librdi_coregen.dll
0x00007ff9bdb90000 - 0x00007ff9bdbfb000 	D:\Xilinx_2022.2\Vivado\2022.2\lib\win64.o\librdi_hdf.dll
0x00007ff984f60000 - 0x00007ff98528b000 	D:\Xilinx_2022.2\Vivado\2022.2\lib\win64.o\librdi_guitools.dll
0x00007ff984880000 - 0x00007ff984f5b000 	D:\Xilinx_2022.2\Vivado\2022.2\lib\win64.o\librdi_drc.dll
0x00007ff99f2c0000 - 0x00007ff99f407000 	D:\Xilinx_2022.2\Vivado\2022.2\lib\win64.o\librdi_hip_perf_analysis.dll
0x00007ff9845c0000 - 0x00007ff98487d000 	D:\Xilinx_2022.2\Vivado\2022.2\lib\win64.o\librdi_hip_devdesign.dll
0x00007ff983f20000 - 0x00007ff9845b5000 	D:\Xilinx_2022.2\Vivado\2022.2\lib\win64.o\librdi_filemgmt.dll
0x00007ff983770000 - 0x00007ff983f11000 	D:\Xilinx_2022.2\Vivado\2022.2\lib\win64.o\librdi_lopt.dll
0x00007ff982850000 - 0x00007ff98376b000 	D:\Xilinx_2022.2\Vivado\2022.2\lib\win64.o\librdi_implflow.dll
0x00007ff9b3020000 - 0x00007ff9b309d000 	D:\Xilinx_2022.2\Vivado\2022.2\lib\win64.o\librdi_memoryarray.dll
0x00007ff981a10000 - 0x00007ff982843000 	D:\Xilinx_2022.2\Vivado\2022.2\lib\win64.o\librdi_ippcw.dll
0x00007ff9812a0000 - 0x00007ff981a0d000 	D:\Xilinx_2022.2\Vivado\2022.2\lib\win64.o\librdi_netlist.dll
0x00007ff980c40000 - 0x00007ff981295000 	D:\Xilinx_2022.2\Vivado\2022.2\lib\win64.o\librdi_memdata.dll
0x00007ff9dbdd0000 - 0x00007ff9dbe2b000 	D:\Xilinx_2022.2\Vivado\2022.2\lib\win64.o\librdi_pfi.dll
0x00007ff97e370000 - 0x00007ff980c35000 	D:\Xilinx_2022.2\Vivado\2022.2\lib\win64.o\librdi_mig.dll
0x00007ff97da90000 - 0x00007ff97e364000 	D:\Xilinx_2022.2\Vivado\2022.2\lib\win64.o\librdi_power.dll
0x00007ff97a970000 - 0x00007ff97da90000 	D:\Xilinx_2022.2\Vivado\2022.2\lib\win64.o\librdi_place.dll
0x00007ff97a500000 - 0x00007ff97a970000 	D:\Xilinx_2022.2\Vivado\2022.2\lib\win64.o\librdi_platform.dll
0x00007ff979d90000 - 0x00007ff97a4f7000 	D:\Xilinx_2022.2\Vivado\2022.2\lib\win64.o\librdi_project.dll
0x00007ff979440000 - 0x00007ff979d90000 	D:\Xilinx_2022.2\Vivado\2022.2\lib\win64.o\librdi_rsb.dll
0x00007ff978d00000 - 0x00007ff979435000 	D:\Xilinx_2022.2\Vivado\2022.2\lib\win64.o\librdi_psta.dll
0x00007ff9bd880000 - 0x00007ff9bd8d8000 	D:\Xilinx_2022.2\Vivado\2022.2\lib\win64.o\librdi_schedmon.dll

dbghelp: loaded successfully - version: 4.0.5 - missing functions: none
symbol engine: initialized successfully - sym options: 0x614 - pdb path: .;D:\Xilinx_2022.2\Vivado\2022.2\bin\unwrapped\win64.o;C:\WINDOWS\SYSTEM32;D:\Xilinx_2022.2\Vivado\2022.2\lib\win64.o;C:\WINDOWS\WinSxS\amd64_microsoft.windows.common-controls_6595b64144ccf1df_5.82.19041.1110_none_792d1c772443f647;D:\Xilinx_2022.2\Vivado\2022.2\tps\win64\jre11.0.11_9\bin\server;D:\Xilinx_2022.2\Vivado\2022.2\tps\win64\python-3.8.3;D:\Xilinx_2022.2\Vivado\2022.2\tps\win64\jre11.0.11_9\bin;C:\WINDOWS\WinSxS\amd64_microsoft.windows.common-controls_6595b64144ccf1df_6.0.19041.1110_none_60b5254171f9507e

VM Arguments:
jvm_args: -Dsun.java2d.pmoffscreen=false -Dhttps.protocols=TLSv1,TLSv1.1,TLSv1.2 -Dsun.java2d.xrender=false -Dsun.java2d.d3d=false -Dsun.awt.nopixfmt=true -Dsun.java2d.dpiaware=true -Dsun.java2d.uiScale.enabled=false -Xverify:none -Dswing.aatext=true -XX:-UsePerfData -Djdk.map.althashing.threshold=512 -XX:StringTableSize=4072 --add-opens=java.desktop/com.sun.awt=ALL-UNNAMED --add-opens=java.desktop/javax.swing.plaf.synth=ALL-UNNAMED --add-opens=java.base/java.nio=ALL-UNNAMED --add-opens=java.desktop/sun.swing=ALL-UNNAMED --add-opens=java.desktop/javax.swing=ALL-UNNAMED --add-opens=java.desktop/javax.swing.tree=ALL-UNNAMED --add-opens=java.desktop/javax.swing.plaf.basic=ALL-UNNAMED --add-opens=java.desktop/javax.swing.plaf.synth=ALL-UNNAMED --add-opens=java.desktop/javax.swing.plaf.basic=ALL-UNNAMED --add-opens=java.desktop/javax.swing=ALL-UNNAMED --add-opens=java.desktop/javax.swing.tree=ALL-UNNAMED --add-opens=java.desktop/java.awt.event=ALL-UNNAMED --add-exports=java.desktop/javax.swing.plaf.synth=ALL-UNNAMED --add-exports=java.base/java.nio=ALL-UNNAMED --add-exports=java.desktop/sun.swing=ALL-UNNAMED --add-exports=java.desktop/javax.swing=ALL-UNNAMED --add-exports=java.desktop/javax.swing.tree=ALL-UNNAMED --add-exports=java.desktop/javax.swing.plaf.basic=ALL-UNNAMED --add-exports=java.desktop/sun.swing=ALL-UNNAMED --add-exports=java.desktop/sun.swing.table=ALL-UNNAMED --add-exports=java.desktop/sun.swing.plaf.synth=ALL-UNNAMED --add-exports=java.desktop/sun.awt.shell=ALL-UNNAMED --add-exports=java.base/sun.security.action=ALL-UNNAMED --add-exports=java.desktop/sun.font=ALL-UNNAMED -XX:NewSize=60m -XX:MaxNewSize=60m -Xms256m -Xmx3072m -Xss5m 
java_command: <unknown>
java_class_path (initial): D:/Xilinx_2022.2/Vivado/2022.2\lib\classes\alloy.jar;D:/Xilinx_2022.2/Vivado/2022.2\lib\classes\asm-9.3.jar;D:/Xilinx_2022.2/Vivado/2022.2\lib\classes\asm-analysis-9.3.jar;D:/Xilinx_2022.2/Vivado/2022.2\lib\classes\asm-commons-9.3.jar;D:/Xilinx_2022.2/Vivado/2022.2\lib\classes\asm-tree-9.3.jar;D:/Xilinx_2022.2/Vivado/2022.2\lib\classes\autoesl-models.jar;D:/Xilinx_2022.2/Vivado/2022.2\lib\classes\batik-anim.jar;D:/Xilinx_2022.2/Vivado/2022.2\lib\classes\batik-awt-util.jar;D:/Xilinx_2022.2/Vivado/2022.2\lib\classes\batik-bridge.jar;D:/Xilinx_2022.2/Vivado/2022.2\lib\classes\batik-codec.jar;D:/Xilinx_2022.2/Vivado/2022.2\lib\classes\batik-css.jar;D:/Xilinx_2022.2/Vivado/2022.2\lib\classes\batik-dom.jar;D:/Xilinx_2022.2/Vivado/2022.2\lib\classes\batik-ext.jar;D:/Xilinx_2022.2/Vivado/2022.2\lib\classes\batik-gui-util.jar;D:/Xilinx_2022.2/Vivado/2022.2\lib\classes\batik-gvt.jar;D:/Xilinx_2022.2/Vivado/2022.2\lib\classes\batik-parser.jar;D:/Xilinx_2022.2/Vivado/2022.2\lib\classes\batik-script.jar;D:/Xilinx_2022.2/Vivado/2022.2\lib\classes\batik-svg-dom.jar;D:/Xilinx_2022.2/Vivado/2022.2\lib\classes\batik-svggen.jar;D:/Xilinx_2022.2/Vivado/2022.2\lib\classes\batik-swing.jar;D:/Xilinx_2022.2/Vivado/2022.2\lib\classes\batik-transcoder.jar;D:/Xilinx_2022.2/Vivado/2022.2\lib\classes\batik-util.jar;D:/Xilinx_2022.2/Vivado/2022.2\lib\classes\batik-xml.jar;D:/Xilinx_2022.2/Vivado/2022.2\lib\classes\com.fasterxml.jackson.core.jackson-annotations_2.12.1.v20210128-1726.jar;D:/Xilinx_2022.2/Vivado/2022.2\lib\classes\com.fasterxml.jackson.core.jackson-core_2.12.1.v20210128-1726.jar;D:/Xilinx_2022.2/Vivado/2022.2\lib\classes\com.fasterxml.jackson.core.jackson-databind_2.12.1.v20210128-1726.jar;D:/Xilinx_2022.2/Vivado/2022.2\lib\classes\com.google.gson_2.8.7.v20210624-1215.jar;D:/Xilinx_2022.2/Vivado/2022.2\lib\classes\com.google.guava_30.1.0.v20210127-2300.jar;D:/Xilinx_2022.2/Vivado/2022.2\lib\classes\com.sigasi.hdt.connection_4.15.0.202201101137.jar;D:/Xi
Launcher Type: generic

[Global flags]
     bool BytecodeVerificationLocal                = false                                     {product} {command line}
     bool BytecodeVerificationRemote               = false                                     {product} {command line}
     intx CICompilerCount                          = 4                                         {product} {ergonomic}
     uint ConcGCThreads                            = 2                                         {product} {ergonomic}
     uint G1ConcRefinementThreads                  = 8                                         {product} {ergonomic}
   size_t G1HeapRegionSize                         = 1048576                                   {product} {ergonomic}
    uintx GCDrainStackTargetSize                   = 64                                        {product} {ergonomic}
   size_t InitialHeapSize                          = 268435456                                 {product} {command line}
   size_t MarkStackSize                            = 4194304                                   {product} {ergonomic}
   size_t MaxHeapSize                              = 3221225472                                {product} {command line}
   size_t MaxNewSize                               = 62914560                                  {product} {command line}
   size_t MinHeapDeltaBytes                        = 1048576                                   {product} {ergonomic}
   size_t NewSize                                  = 62914560                                  {product} {command line}
    uintx NonNMethodCodeHeapSize                   = 5836300                                {pd product} {ergonomic}
    uintx NonProfiledCodeHeapSize                  = 122910970                              {pd product} {ergonomic}
    uintx ProfiledCodeHeapSize                     = 122910970                              {pd product} {ergonomic}
    uintx ReservedCodeCacheSize                    = 251658240                              {pd product} {ergonomic}
     bool SegmentedCodeCache                       = true                                      {product} {ergonomic}
    uintx StringTableSize                          = 4072                                      {product} {command line}
     intx ThreadStackSize                          = 5120                                   {pd product} {command line}
     bool UseCompressedClassPointers               = true                                 {lp64_product} {ergonomic}
     bool UseCompressedOops                        = true                                 {lp64_product} {ergonomic}
     bool UseG1GC                                  = true                                      {product} {ergonomic}
     bool UseLargePagesIndividualAllocation        = false                                  {pd product} {ergonomic}
     bool UsePerfData                              = false                                     {product} {command line}

Logging:
Log output configuration:
 #0: stdout all=warning uptime,level,tags
 #1: stderr all=off uptime,level,tags

Environment Variables:
PATH=D:/Xilinx_2022.2/Vivado/2022.2/bin;D:/Xilinx_2022.2/Vivado/2022.2/tps/win64/java-cef-95.0.4638.69/bin/lib/win64;D:/Xilinx_2022.2/Vivado/2022.2/tps/win64/javafx-sdk-11.0.2/lib;D:/Xilinx_2022.2/Vivado/2022.2/tps/win64/javafx-sdk-11.0.2/bin;D:/Xilinx_2022.2/Vivado/2022.2/lib/win64.o;D:/Xilinx_2022.2/Vivado/2022.2/tps/win64/jre11.0.11_9/bin/server;D:/Xilinx_2022.2/Vivado/2022.2/tps/win64/jre11.0.11_9/bin;D:/Xilinx_2022.2/Vivado/2022.2/ids_lite/ISE/bin/nt64;D:/Xilinx_2022.2/Vivado/2022.2/ids_lite/ISE/lib/nt64;D:/Xilinx_2022.2/Vitis_HLS/2022.2/bin;C:\Program Files\Common Files\Siemens\Automation\Simatic OAM\bin;C:\Program Files (x86)\Common Files\Siemens\Sqlany;C:\Program Files (x86)\Siemens\Step7\S7bin;C:\Program Files (x86)\Common Files\Oracle\Java\javapath;C:\windows\system32;C:\windows;C:\windows\System32\Wbem;C:\windows\System32\WindowsPowerShell\v1.0\;C:\windows\System32\OpenSSH\;C:\Program Files\NVIDIA Corporation\NVIDIA NvDLISR;C:\Program Files (x86)\NVIDIA Corporation\PhysX\Common;C:\Program Files\PKWARE\pkzipc;C:\Program Files\MATLAB\R2021b\bin;C:\Users\vicmi\AppData\Local\Microsoft\WindowsApps;C:\Users\vicmi\AppData\Local\GitHubDesktop\bin;D:/Xilinx_2022.2/Vivado/2022.2\tps\mingw\6.2.0\win64.o\nt\bin;D:/Xilinx_2022.2/Vivado/2022.2\tps\mingw\6.2.0\win64.o\nt\libexec\gcc\x86_64-w64-mingw32\6.2.0;D:/Xilinx_2022.2/Vivado/2022.2\tps\win64\python-3.8.3;D:/Xilinx_2022.2/Vivado/2022.2\tps\win64\python-3.8.3\bin;D:/Xilinx_2022.2/Vivado/2022.2\tps\win64\python-3.8.3\lib;D:/Xilinx_2022.2/Vivado/2022.2\tps\win64\python-3.8.3\lib\site-packages
USERNAME=vicmi
OS=Windows_NT
PROCESSOR_IDENTIFIER=Intel64 Family 6 Model 142 Stepping 12, GenuineIntel



---------------  S Y S T E M  ---------------

OS: Windows 10 , 64 bit Build 19041 (10.0.19041.2364)
OS uptime: 0 days 9:20 hours

CPU:total 8 (initial active 8) (4 cores per cpu, 2 threads per core) family 6 model 142 stepping 12 microcode 0xde, cmov, cx8, fxsr, mmx, sse, sse2, sse3, ssse3, sse4.1, sse4.2, popcnt, avx, avx2, aes, clmul, erms, 3dnowpref, lzcnt, ht, tsc, tscinvbit, bmi1, bmi2, adx, fma

Memory: 4k page, system-wide physical 16271M (7608M free)
TotalPageFile size 18703M (AvailPageFile size 7843M)
current process WorkingSet (physical memory assigned to process): 638M, peak: 645M
current process commit charge ("private bytes"): 774M, peak: 795M

vm_info: OpenJDK 64-Bit Server VM (11.0.11+9) for windows-amd64 JRE (11.0.11+9), built on Apr  9 2021 19:32:08 by "" with MS VC++ 15.5 (VS2017)

END.
